Using pre-set license
Built from '2020.3/staging' branch; Version is '2020.3.26f1 (7298b473bc1a) revision 7510196'; Using compiler version '192528614'; Build Type 'Release'
OS: 'Windows 10  (10.0.19044) 64bit Professional' Language: 'ja' Physical Memory: 16313 MB
BatchMode: 1, IsHumanControllingUs: 0, StartBugReporterOnCrash: 0, Is64bit: 1, IsPro: 0

COMMAND LINE ARGUMENTS:
C:\Program Files\Unity\Hub\Editor\2020.3.26f1\Editor\Unity.exe
-adb2
-batchMode
-noUpm
-name
AssetImportWorker0
-projectPath
C:/Users/student/Desktop/卒業制作/seisaku
-logFile
Logs/AssetImportWorker0.log
-srvPort
60006
Successfully changed project path to: C:/Users/student/Desktop/卒業制作/seisaku
C:/Users/student/Desktop/卒業制作/seisaku
Using Asset Import Pipeline V2.
Refreshing native plugins compatible for Editor in 32.73 ms, found 3 plugins.
Preloading 0 native plugins for Editor in 0.00 ms.
Initialize engine version: 2020.3.26f1 (7298b473bc1a)
[Subsystems] Discovering subsystems at path C:/Program Files/Unity/Hub/Editor/2020.3.26f1/Editor/Data/Resources/UnitySubsystems
[Subsystems] Discovering subsystems at path C:/Users/student/Desktop/卒業制作/seisaku/Assets
GfxDevice: creating device client; threaded=0
Direct3D:
    Version:  Direct3D 11.0 [level 11.1]
    Renderer: NVIDIA GeForce GTX 1660 SUPER (ID=0x21c4)
    Vendor:   
    VRAM:     5991 MB
    Driver:   27.21.14.5751
Initialize mono
Mono path[0] = 'C:/Program Files/Unity/Hub/Editor/2020.3.26f1/Editor/Data/Managed'
Mono path[1] = 'C:/Program Files/Unity/Hub/Editor/2020.3.26f1/Editor/Data/MonoBleedingEdge/lib/mono/unityjit'
Mono config path = 'C:/Program Files/Unity/Hub/Editor/2020.3.26f1/Editor/Data/MonoBleedingEdge/etc'
Using monoOptions --debugger-agent=transport=dt_socket,embedding=1,server=y,suspend=n,address=127.0.0.1:56180
Begin MonoManager ReloadAssembly
Registering precompiled unity dll's ...
Register platform support module: C:/Program Files/Unity/Hub/Editor/2020.3.26f1/Editor/Data/PlaybackEngines/WebGLSupport/UnityEditor.WebGL.Extensions.dll
Register platform support module: C:/Program Files/Unity/Hub/Editor/2020.3.26f1/Editor/Data/PlaybackEngines/WindowsStandaloneSupport/UnityEditor.WindowsStandalone.Extensions.dll
Registered in 0.002054 seconds.
Native extension for WindowsStandalone target not found
Native extension for WebGL target not found
Refreshing native plugins compatible for Editor in 32.15 ms, found 3 plugins.
Preloading 0 native plugins for Editor in 0.00 ms.
Mono: successfully reloaded assembly
- Completed reload, in  0.438 seconds
Domain Reload Profiling:
	ReloadAssembly (438ms)
		BeginReloadAssembly (42ms)
			ExecutionOrderSort (0ms)
			DisableScriptedObjects (0ms)
			BackupInstance (0ms)
			ReleaseScriptingObjects (0ms)
			CreateAndSetChildDomain (1ms)
		EndReloadAssembly (339ms)
			LoadAssemblies (40ms)
			RebuildTransferFunctionScriptingTraits (0ms)
			SetupTypeCache (114ms)
			ReleaseScriptCaches (0ms)
			RebuildScriptCaches (22ms)
			SetupLoadedEditorAssemblies (125ms)
				LogAssemblyErrors (0ms)
				InitializePlatformSupportModulesInManaged (4ms)
				SetLoadedEditorAssemblies (0ms)
				RefreshPlugins (32ms)
				BeforeProcessingInitializeOnLoad (6ms)
				ProcessInitializeOnLoadAttributes (62ms)
				ProcessInitializeOnLoadMethodAttributes (21ms)
				AfterProcessingInitializeOnLoad (0ms)
				EditorAssembliesLoaded (0ms)
			ExecutionOrderSort2 (0ms)
			AwakeInstancesAfterBackupRestoration (0ms)
Platform modules already initialized, skipping
Registering precompiled user dll's ...
Registered in 0.003795 seconds.
Begin MonoManager ReloadAssembly
Native extension for WindowsStandalone target not found
Native extension for WebGL target not found
Refreshing native plugins compatible for Editor in 31.87 ms, found 3 plugins.
Preloading 0 native plugins for Editor in 0.00 ms.
Mono: successfully reloaded assembly
- Completed reload, in  0.834 seconds
Domain Reload Profiling:
	ReloadAssembly (835ms)
		BeginReloadAssembly (108ms)
			ExecutionOrderSort (0ms)
			DisableScriptedObjects (4ms)
			BackupInstance (0ms)
			ReleaseScriptingObjects (0ms)
			CreateAndSetChildDomain (13ms)
		EndReloadAssembly (677ms)
			LoadAssemblies (70ms)
			RebuildTransferFunctionScriptingTraits (0ms)
			SetupTypeCache (228ms)
			ReleaseScriptCaches (0ms)
			RebuildScriptCaches (35ms)
			SetupLoadedEditorAssemblies (251ms)
				LogAssemblyErrors (0ms)
				InitializePlatformSupportModulesInManaged (3ms)
				SetLoadedEditorAssemblies (0ms)
				RefreshPlugins (32ms)
				BeforeProcessingInitializeOnLoad (53ms)
				ProcessInitializeOnLoadAttributes (144ms)
				ProcessInitializeOnLoadMethodAttributes (12ms)
				AfterProcessingInitializeOnLoad (6ms)
				EditorAssembliesLoaded (0ms)
			ExecutionOrderSort2 (0ms)
			AwakeInstancesAfterBackupRestoration (5ms)
Platform modules already initialized, skipping
========================================================================
Worker process is ready to serve import requests
Launched and connected shader compiler UnityShaderCompiler.exe after 0.03 seconds
Refreshing native plugins compatible for Editor in 0.39 ms, found 3 plugins.
Preloading 0 native plugins for Editor in 0.00 ms.
Unloading 2161 Unused Serialized files (Serialized files now loaded: 0)
System memory in use before: 95.1 MB.
System memory in use after: 95.2 MB.

Unloading 27 unused Assets to reduce memory usage. Loaded Objects now: 2596.
Total: 2.264700 ms (FindLiveObjects: 0.170600 ms CreateObjectMapping: 0.090200 ms MarkObjects: 1.959200 ms  DeleteObjects: 0.043900 ms)

AssetImportParameters requested are different than current active one (requested -> active):
  custom:framework-win-MediaFoundation: 216162199b28c13a410421893ffa2e32 -> 
  custom:video-decoder-ogg-theora: a1e56fd34408186e4bbccfd4996cb3dc -> 
  custom:container-muxer-webm: aa71ff27fc2769a1b78a27578f13a17b -> 
  custom:container-demuxer-webm: 4f35f7cbe854078d1ac9338744f61a02 -> 
  custom:container-demuxer-ogg: 62fdf1f143b41e24485cea50d1cbac27 -> 
  custom:video-encoder-webm-vp8: eb34c28f22e8b96e1ab97ce403110664 -> 
  custom:video-codec-MediaFoundation-h265: 746d11721c4dcdbdad8f713fa42b33f4 -> 
  custom:video-decoder-webm-vp8: 9c59270c3fd7afecdb556c50c9e8de78 -> 
  custom:audio-decoder-ogg-vorbis: bf7c407c2cedff20999df2af8eb42d56 -> 
  custom:audio-encoder-webm-vorbis: bf7c407c2cedff20999df2af8eb42d56 -> 
========================================================================
Received Import Request.
  path: Assets/t_Tama
  artifactKey: Guid(30b19236a129d0e49b65418d85932dca) Importer(815301076,1909f56bfc062723c751e8b465ee728b)
Start importing Assets/t_Tama using Guid(30b19236a129d0e49b65418d85932dca) Importer(815301076,1909f56bfc062723c751e8b465ee728b)  -> (artifact id: '19d80543345cf72773b316c019abea61') in 0.003479 seconds 
  Import took 0.005657 seconds .

========================================================================
Received Import Request.
  Time since last request: 0.000214 seconds.
  path: Assets/t_Tama/Launching_business
  artifactKey: Guid(282360da7ee8e7240bf137fdbed52e14) Importer(815301076,1909f56bfc062723c751e8b465ee728b)
Start importing Assets/t_Tama/Launching_business using Guid(282360da7ee8e7240bf137fdbed52e14) Importer(815301076,1909f56bfc062723c751e8b465ee728b)  -> (artifact id: '0934f758808a210db2756d911fd7d232') in 0.001141 seconds 
  Import took 0.003048 seconds .

========================================================================
Received Import Request.
  Time since last request: 1.223969 seconds.
  path: Assets/t_Tama/Launching_business/Lbimage
  artifactKey: Guid(aedd9740293d64245a11650fb3ed61af) Importer(815301076,1909f56bfc062723c751e8b465ee728b)
Start importing Assets/t_Tama/Launching_business/Lbimage using Guid(aedd9740293d64245a11650fb3ed61af) Importer(815301076,1909f56bfc062723c751e8b465ee728b)  -> (artifact id: 'f86b802bf521abb478a2c50625b794af') in 0.008916 seconds 
  Import took 0.011444 seconds .

========================================================================
Received Import Request.
  Time since last request: 0.058111 seconds.
  path: Assets/t_Tama/Launching_business/Lbimage/Red_flag.png
  artifactKey: Guid(94be48530c14cac40b4b60a1605b9810) Importer(815301076,1909f56bfc062723c751e8b465ee728b)
Start importing Assets/t_Tama/Launching_business/Lbimage/Red_flag.png using Guid(94be48530c14cac40b4b60a1605b9810) Importer(815301076,1909f56bfc062723c751e8b465ee728b)  -> (artifact id: 'fc2c74a844fd2f93c9f77029a4620857') in 0.085827 seconds 
  Import took 0.088491 seconds .

========================================================================
Received Import Request.
  Time since last request: 0.000177 seconds.
  path: Assets/t_Tama/Launching_business/Lbimage/White_flag.png
  artifactKey: Guid(dde5b42b6dc76624ab1dfeb61ef38638) Importer(815301076,1909f56bfc062723c751e8b465ee728b)
Start importing Assets/t_Tama/Launching_business/Lbimage/White_flag.png using Guid(dde5b42b6dc76624ab1dfeb61ef38638) Importer(815301076,1909f56bfc062723c751e8b465ee728b)  -> (artifact id: 'd2e860f1863afb3094fefef5e365a689') in 0.009579 seconds 
  Import took 0.012117 seconds .

========================================================================
Received Import Request.
  Time since last request: 5.198765 seconds.
  path: Assets/t_Tama/Launching_business/Lbimage/めっちゃいい画像.png
  artifactKey: Guid(b69f13d421503a443aa992eb6b3b4557) Importer(815301076,1909f56bfc062723c751e8b465ee728b)
Start importing Assets/t_Tama/Launching_business/Lbimage/めっちゃいい画像.png using Guid(b69f13d421503a443aa992eb6b3b4557) Importer(815301076,1909f56bfc062723c751e8b465ee728b)  -> (artifact id: 'fdb9f5784882839859d3fe28ae36f63f') in 0.017838 seconds 
  Import took 0.020472 seconds .

========================================================================
Received Prepare
Registering precompiled user dll's ...
Registered in 0.003397 seconds.
Begin MonoManager ReloadAssembly
Native extension for WindowsStandalone target not found
Native extension for WebGL target not found
Refreshing native plugins compatible for Editor in 0.40 ms, found 3 plugins.
Preloading 0 native plugins for Editor in 0.00 ms.
Mono: successfully reloaded assembly
- Completed reload, in  0.761 seconds
Domain Reload Profiling:
	ReloadAssembly (762ms)
		BeginReloadAssembly (86ms)
			ExecutionOrderSort (0ms)
			DisableScriptedObjects (4ms)
			BackupInstance (0ms)
			ReleaseScriptingObjects (0ms)
			CreateAndSetChildDomain (25ms)
		EndReloadAssembly (627ms)
			LoadAssemblies (67ms)
			RebuildTransferFunctionScriptingTraits (0ms)
			SetupTypeCache (223ms)
			ReleaseScriptCaches (1ms)
			RebuildScriptCaches (33ms)
			SetupLoadedEditorAssemblies (225ms)
				LogAssemblyErrors (0ms)
				InitializePlatformSupportModulesInManaged (4ms)
				SetLoadedEditorAssemblies (0ms)
				RefreshPlugins (0ms)
				BeforeProcessingInitializeOnLoad (49ms)
				ProcessInitializeOnLoadAttributes (158ms)
				ProcessInitializeOnLoadMethodAttributes (8ms)
				AfterProcessingInitializeOnLoad (6ms)
				EditorAssembliesLoaded (0ms)
			ExecutionOrderSort2 (0ms)
			AwakeInstancesAfterBackupRestoration (7ms)
Platform modules already initialized, skipping
Refreshing native plugins compatible for Editor in 0.38 ms, found 3 plugins.
Preloading 0 native plugins for Editor in 0.00 ms.
Unloading 2150 Unused Serialized files (Serialized files now loaded: 0)
System memory in use before: 97.4 MB.
System memory in use after: 97.5 MB.

Unloading 16 unused Assets to reduce memory usage. Loaded Objects now: 2606.
Total: 2.141400 ms (FindLiveObjects: 0.129900 ms CreateObjectMapping: 0.068800 ms MarkObjects: 1.931700 ms  DeleteObjects: 0.010400 ms)

AssetImportParameters requested are different than current active one (requested -> active):
  custom:framework-win-MediaFoundation: 216162199b28c13a410421893ffa2e32 -> 
  custom:video-decoder-ogg-theora: a1e56fd34408186e4bbccfd4996cb3dc -> 
  custom:container-muxer-webm: aa71ff27fc2769a1b78a27578f13a17b -> 
  custom:container-demuxer-webm: 4f35f7cbe854078d1ac9338744f61a02 -> 
  custom:container-demuxer-ogg: 62fdf1f143b41e24485cea50d1cbac27 -> 
  custom:video-encoder-webm-vp8: eb34c28f22e8b96e1ab97ce403110664 -> 
  custom:video-codec-MediaFoundation-h265: 746d11721c4dcdbdad8f713fa42b33f4 -> 
  custom:video-decoder-webm-vp8: 9c59270c3fd7afecdb556c50c9e8de78 -> 
  custom:audio-decoder-ogg-vorbis: bf7c407c2cedff20999df2af8eb42d56 -> 
  custom:audio-encoder-webm-vorbis: bf7c407c2cedff20999df2af8eb42d56 -> 
========================================================================
Received Import Request.
  Time since last request: 45.509216 seconds.
  path: Assets/t_Tama/Launching_business/Lbimage/森１.png
  artifactKey: Guid(441806c342cf9b5478afda0004e30e8a) Importer(815301076,1909f56bfc062723c751e8b465ee728b)
Start importing Assets/t_Tama/Launching_business/Lbimage/森１.png using Guid(441806c342cf9b5478afda0004e30e8a) Importer(815301076,1909f56bfc062723c751e8b465ee728b)  -> (artifact id: '09462aacf18bccf9a4ee97978c744a12') in 0.045597 seconds 
  Import took 0.048057 seconds .

========================================================================
Received Import Request.
  Time since last request: 86.321697 seconds.
  path: Assets/t_Tama/Launching_business/Lbimage/やばい画像.png
  artifactKey: Guid(683a14159b2bc21459c19aec8ba479f9) Importer(815301076,1909f56bfc062723c751e8b465ee728b)
Start importing Assets/t_Tama/Launching_business/Lbimage/やばい画像.png using Guid(683a14159b2bc21459c19aec8ba479f9) Importer(815301076,1909f56bfc062723c751e8b465ee728b)  -> (artifact id: '0c020a9fd098be8055be8b128291a4df') in 0.017110 seconds 
  Import took 0.019942 seconds .

========================================================================
Received Import Request.
  Time since last request: 154.053120 seconds.
  path: Assets/t_Tama/Launching_business/Lbimage/テストイメージ画像.png
  artifactKey: Guid(91006d3b660f68543a9761ee3049d2e5) Importer(815301076,1909f56bfc062723c751e8b465ee728b)
Start importing Assets/t_Tama/Launching_business/Lbimage/テストイメージ画像.png using Guid(91006d3b660f68543a9761ee3049d2e5) Importer(815301076,1909f56bfc062723c751e8b465ee728b)  -> (artifact id: '45a3c9fea6c4b41941c978a99af871a3') in 0.011066 seconds 
  Import took 0.013648 seconds .

