Using pre-set license
Built from '2020.3/staging' branch; Version is '2020.3.26f1 (7298b473bc1a) revision 7510196'; Using compiler version '192528614'; Build Type 'Release'
OS: 'Windows 10  (10.0.19044) 64bit Core' Language: 'ja' Physical Memory: 16235 MB
BatchMode: 1, IsHumanControllingUs: 0, StartBugReporterOnCrash: 0, Is64bit: 1, IsPro: 0

COMMAND LINE ARGUMENTS:
C:\2020.3.26f1\Editor\Unity.exe
-adb2
-batchMode
-noUpm
-name
AssetImportWorker0
-projectPath
C:/Users/g1q2_/OneDrive/デスクトップ/sotuuu/seisaku
-logFile
Logs/AssetImportWorker0.log
-srvPort
61218
Successfully changed project path to: C:/Users/g1q2_/OneDrive/デスクトップ/sotuuu/seisaku
C:/Users/g1q2_/OneDrive/デスクトップ/sotuuu/seisaku
Using Asset Import Pipeline V2.
Refreshing native plugins compatible for Editor in 41.01 ms, found 3 plugins.
Preloading 0 native plugins for Editor in 0.00 ms.
Initialize engine version: 2020.3.26f1 (7298b473bc1a)
[Subsystems] Discovering subsystems at path C:/2020.3.26f1/Editor/Data/Resources/UnitySubsystems
[Subsystems] Discovering subsystems at path C:/Users/g1q2_/OneDrive/デスクトップ/sotuuu/seisaku/Assets
GfxDevice: creating device client; threaded=0
Direct3D:
    Version:  Direct3D 11.0 [level 11.1]
    Renderer: NVIDIA GeForce GTX 1070 (ID=0x1ba1)
    Vendor:   
    VRAM:     8081 MB
    Driver:   24.21.13.9924
Initialize mono
Mono path[0] = 'C:/2020.3.26f1/Editor/Data/Managed'
Mono path[1] = 'C:/2020.3.26f1/Editor/Data/MonoBleedingEdge/lib/mono/unityjit'
Mono config path = 'C:/2020.3.26f1/Editor/Data/MonoBleedingEdge/etc'
Using monoOptions --debugger-agent=transport=dt_socket,embedding=1,server=y,suspend=n,address=127.0.0.1:56472
Begin MonoManager ReloadAssembly
Registering precompiled unity dll's ...
Register platform support module: C:/2020.3.26f1/Editor/Data/PlaybackEngines/WindowsStandaloneSupport/UnityEditor.WindowsStandalone.Extensions.dll
Registered in 0.001895 seconds.
Native extension for WindowsStandalone target not found
Refreshing native plugins compatible for Editor in 39.83 ms, found 3 plugins.
Preloading 0 native plugins for Editor in 0.00 ms.
Mono: successfully reloaded assembly
- Completed reload, in  0.550 seconds
Domain Reload Profiling:
	ReloadAssembly (550ms)
		BeginReloadAssembly (51ms)
			ExecutionOrderSort (0ms)
			DisableScriptedObjects (0ms)
			BackupInstance (0ms)
			ReleaseScriptingObjects (0ms)
			CreateAndSetChildDomain (1ms)
		EndReloadAssembly (428ms)
			LoadAssemblies (49ms)
			RebuildTransferFunctionScriptingTraits (0ms)
			SetupTypeCache (142ms)
			ReleaseScriptCaches (0ms)
			RebuildScriptCaches (28ms)
			SetupLoadedEditorAssemblies (161ms)
				LogAssemblyErrors (0ms)
				InitializePlatformSupportModulesInManaged (4ms)
				SetLoadedEditorAssemblies (0ms)
				RefreshPlugins (40ms)
				BeforeProcessingInitializeOnLoad (16ms)
				ProcessInitializeOnLoadAttributes (74ms)
				ProcessInitializeOnLoadMethodAttributes (27ms)
				AfterProcessingInitializeOnLoad (0ms)
				EditorAssembliesLoaded (0ms)
			ExecutionOrderSort2 (0ms)
			AwakeInstancesAfterBackupRestoration (0ms)
Platform modules already initialized, skipping
Registering precompiled user dll's ...
Registered in 0.004597 seconds.
Begin MonoManager ReloadAssembly
Native extension for WindowsStandalone target not found
Refreshing native plugins compatible for Editor in 39.09 ms, found 3 plugins.
Preloading 0 native plugins for Editor in 0.00 ms.
Mono: successfully reloaded assembly
- Completed reload, in  1.067 seconds
Domain Reload Profiling:
	ReloadAssembly (1067ms)
		BeginReloadAssembly (137ms)
			ExecutionOrderSort (0ms)
			DisableScriptedObjects (5ms)
			BackupInstance (0ms)
			ReleaseScriptingObjects (0ms)
			CreateAndSetChildDomain (18ms)
		EndReloadAssembly (871ms)
			LoadAssemblies (87ms)
			RebuildTransferFunctionScriptingTraits (0ms)
			SetupTypeCache (294ms)
			ReleaseScriptCaches (0ms)
			RebuildScriptCaches (45ms)
			SetupLoadedEditorAssemblies (318ms)
				LogAssemblyErrors (0ms)
				InitializePlatformSupportModulesInManaged (3ms)
				SetLoadedEditorAssemblies (0ms)
				RefreshPlugins (39ms)
				BeforeProcessingInitializeOnLoad (71ms)
				ProcessInitializeOnLoadAttributes (183ms)
				ProcessInitializeOnLoadMethodAttributes (15ms)
				AfterProcessingInitializeOnLoad (6ms)
				EditorAssembliesLoaded (0ms)
			ExecutionOrderSort2 (0ms)
			AwakeInstancesAfterBackupRestoration (6ms)
Platform modules already initialized, skipping
========================================================================
Worker process is ready to serve import requests
Launched and connected shader compiler UnityShaderCompiler.exe after 0.04 seconds
Refreshing native plugins compatible for Editor in 0.50 ms, found 3 plugins.
Preloading 0 native plugins for Editor in 0.00 ms.
Unloading 2164 Unused Serialized files (Serialized files now loaded: 0)
System memory in use before: 95.1 MB.
System memory in use after: 95.2 MB.

Unloading 27 unused Assets to reduce memory usage. Loaded Objects now: 2600.
Total: 3.144300 ms (FindLiveObjects: 0.173700 ms CreateObjectMapping: 0.071300 ms MarkObjects: 2.840900 ms  DeleteObjects: 0.057400 ms)

AssetImportParameters requested are different than current active one (requested -> active):
  requireTextureImportCompression: false -> true
  custom:framework-win-MediaFoundation: 216162199b28c13a410421893ffa2e32 -> 
  custom:video-decoder-ogg-theora: a1e56fd34408186e4bbccfd4996cb3dc -> 
  custom:container-muxer-webm: aa71ff27fc2769a1b78a27578f13a17b -> 
  custom:container-demuxer-webm: 4f35f7cbe854078d1ac9338744f61a02 -> 
  custom:container-demuxer-ogg: 62fdf1f143b41e24485cea50d1cbac27 -> 
  custom:video-encoder-webm-vp8: eb34c28f22e8b96e1ab97ce403110664 -> 
  custom:video-codec-MediaFoundation-h265: 746d11721c4dcdbdad8f713fa42b33f4 -> 
  custom:video-decoder-webm-vp8: 9c59270c3fd7afecdb556c50c9e8de78 -> 
  custom:audio-decoder-ogg-vorbis: bf7c407c2cedff20999df2af8eb42d56 -> 
  custom:audio-encoder-webm-vorbis: bf7c407c2cedff20999df2af8eb42d56 -> 
========================================================================
Received Import Request.
  path: Assets/110_Neurasthenia/Prefabs
  artifactKey: Guid(2c6cd5ed970a543499495fff631d0768) Importer(815301076,1909f56bfc062723c751e8b465ee728b)
Start importing Assets/110_Neurasthenia/Prefabs using Guid(2c6cd5ed970a543499495fff631d0768) Importer(815301076,1909f56bfc062723c751e8b465ee728b)  -> (artifact id: '99ba3c0361f383e71f744f14511c128d') in 0.007522 seconds 
  Import took 0.010464 seconds .

========================================================================
Received Import Request.
  Time since last request: 31.803031 seconds.
  path: Assets/110_Neurasthenia/Images/Hp-Image.png
  artifactKey: Guid(bd4fee435e8ee2c41844a7e261e3a4a3) Importer(815301076,1909f56bfc062723c751e8b465ee728b)
Start importing Assets/110_Neurasthenia/Images/Hp-Image.png using Guid(bd4fee435e8ee2c41844a7e261e3a4a3) Importer(815301076,1909f56bfc062723c751e8b465ee728b)  -> (artifact id: '8fe3474b121dcab782f6fef45a58c63b') in 0.138376 seconds 
  Import took 0.141769 seconds .

========================================================================
Received Import Request.
  Time since last request: 0.000249 seconds.
  path: Assets/110_Neurasthenia/Images/Hp-Image2.png
  artifactKey: Guid(cdddd2ecab5e99642b7d8ab8682e0347) Importer(815301076,1909f56bfc062723c751e8b465ee728b)
Start importing Assets/110_Neurasthenia/Images/Hp-Image2.png using Guid(cdddd2ecab5e99642b7d8ab8682e0347) Importer(815301076,1909f56bfc062723c751e8b465ee728b)  -> (artifact id: 'f64e1e0a83babef56566aab8edfcca09') in 0.024563 seconds 
  Import took 0.027595 seconds .

========================================================================
Received Import Request.
  Time since last request: 0.793190 seconds.
  path: Assets/110_Neurasthenia/Images/Test
  artifactKey: Guid(02e21b03101facc4e9730852686e724e) Importer(815301076,1909f56bfc062723c751e8b465ee728b)
Start importing Assets/110_Neurasthenia/Images/Test using Guid(02e21b03101facc4e9730852686e724e) Importer(815301076,1909f56bfc062723c751e8b465ee728b)  -> (artifact id: '63fa9d3dcbbaa2383b234cf869195e28') in 0.008430 seconds 
  Import took 0.012068 seconds .

========================================================================
Received Import Request.
  Time since last request: 0.061319 seconds.
  path: Assets/110_Neurasthenia/Images/Test/Background-Image.jpg
  artifactKey: Guid(230a4058019002c45b9c560f2b07a067) Importer(815301076,1909f56bfc062723c751e8b465ee728b)
Start importing Assets/110_Neurasthenia/Images/Test/Background-Image.jpg using Guid(230a4058019002c45b9c560f2b07a067) Importer(815301076,1909f56bfc062723c751e8b465ee728b)  -> (artifact id: '7fcf305bbd89ec144a6bd7d3c57a43fb') in 0.050572 seconds 
  Import took 0.054074 seconds .

========================================================================
Received Import Request.
  Time since last request: 0.000234 seconds.
  path: Assets/110_Neurasthenia/Images/Test/Card6.png
  artifactKey: Guid(bb7b00888b9e245459cdd68258e60745) Importer(815301076,1909f56bfc062723c751e8b465ee728b)
Start importing Assets/110_Neurasthenia/Images/Test/Card6.png using Guid(bb7b00888b9e245459cdd68258e60745) Importer(815301076,1909f56bfc062723c751e8b465ee728b)  -> (artifact id: 'df417165682d69f9fbcf01921da35bbc') in 0.030198 seconds 
  Import took 0.033330 seconds .

========================================================================
Received Import Request.
  Time since last request: 0.000267 seconds.
  path: Assets/110_Neurasthenia/Images/Test/Card1.png
  artifactKey: Guid(009481a8a6a2a924f92b79a4e5db3850) Importer(815301076,1909f56bfc062723c751e8b465ee728b)
Start importing Assets/110_Neurasthenia/Images/Test/Card1.png using Guid(009481a8a6a2a924f92b79a4e5db3850) Importer(815301076,1909f56bfc062723c751e8b465ee728b)  -> (artifact id: 'b61d9c486bf703f78fdedc570aefc883') in 0.031417 seconds 
  Import took 0.035180 seconds .

========================================================================
Received Import Request.
  Time since last request: 0.000283 seconds.
  path: Assets/110_Neurasthenia/Images/Test/Card4.png
  artifactKey: Guid(f98761cf08a4e54488f263d1722af7d9) Importer(815301076,1909f56bfc062723c751e8b465ee728b)
Start importing Assets/110_Neurasthenia/Images/Test/Card4.png using Guid(f98761cf08a4e54488f263d1722af7d9) Importer(815301076,1909f56bfc062723c751e8b465ee728b)  -> (artifact id: '10ab279248d12ae3dc601034502e5dd7') in 0.054414 seconds 
  Import took 0.057483 seconds .

========================================================================
Received Import Request.
  Time since last request: 0.000243 seconds.
  path: Assets/110_Neurasthenia/Images/Test/Card2.png
  artifactKey: Guid(8a7ea6512aa30d6479906e4e5738fc28) Importer(815301076,1909f56bfc062723c751e8b465ee728b)
Start importing Assets/110_Neurasthenia/Images/Test/Card2.png using Guid(8a7ea6512aa30d6479906e4e5738fc28) Importer(815301076,1909f56bfc062723c751e8b465ee728b)  -> (artifact id: '23307edc2c1516560fae2877025fc50a') in 0.041774 seconds 
  Import took 0.044878 seconds .

========================================================================
Received Import Request.
  Time since last request: 0.000249 seconds.
  path: Assets/110_Neurasthenia/Images/Test/Card5.png
  artifactKey: Guid(77a5c56b93831674b8e16b5649afbe81) Importer(815301076,1909f56bfc062723c751e8b465ee728b)
Start importing Assets/110_Neurasthenia/Images/Test/Card5.png using Guid(77a5c56b93831674b8e16b5649afbe81) Importer(815301076,1909f56bfc062723c751e8b465ee728b)  -> (artifact id: 'e2fde7b0e1b0258a58aa8e80a71f10b9') in 0.033340 seconds 
  Import took 0.036397 seconds .

========================================================================
Received Import Request.
  Time since last request: 0.000256 seconds.
  path: Assets/110_Neurasthenia/Images/Test/Card3.png
  artifactKey: Guid(2765f23a5a09a5e4ca21b8b55f0d64e6) Importer(815301076,1909f56bfc062723c751e8b465ee728b)
Start importing Assets/110_Neurasthenia/Images/Test/Card3.png using Guid(2765f23a5a09a5e4ca21b8b55f0d64e6) Importer(815301076,1909f56bfc062723c751e8b465ee728b)  -> (artifact id: 'b95c5e651882470504fe8ee1b4391e65') in 0.039367 seconds 
  Import took 0.042475 seconds .

========================================================================
Received Import Request.
  Time since last request: 0.000296 seconds.
  path: Assets/110_Neurasthenia/Images/Test/Card_Back.png
  artifactKey: Guid(c8609d8d0115bde40a1060dd79451278) Importer(815301076,1909f56bfc062723c751e8b465ee728b)
Start importing Assets/110_Neurasthenia/Images/Test/Card_Back.png using Guid(c8609d8d0115bde40a1060dd79451278) Importer(815301076,1909f56bfc062723c751e8b465ee728b)  -> (artifact id: 'c1c9734e82df021aeb37a901ff348d04') in 0.017906 seconds 
  Import took 0.021360 seconds .

========================================================================
Received Import Request.
  Time since last request: 14.909062 seconds.
  path: Assets/PublicUI_Prefabs
  artifactKey: Guid(29d38c53a678db0438124b2c6ff83e85) Importer(815301076,1909f56bfc062723c751e8b465ee728b)
Start importing Assets/PublicUI_Prefabs using Guid(29d38c53a678db0438124b2c6ff83e85) Importer(815301076,1909f56bfc062723c751e8b465ee728b)  -> (artifact id: 'ad3dd54dae7501a61462f964bcc7872c') in 0.007084 seconds 
  Import took 0.010991 seconds .

========================================================================
Received Import Request.
  Time since last request: 18.585718 seconds.
  path: Assets/PublicUI_Prefabs/Background
  artifactKey: Guid(fba118a2fd2323c4a971a849607b6a23) Importer(815301076,1909f56bfc062723c751e8b465ee728b)
Start importing Assets/PublicUI_Prefabs/Background using Guid(fba118a2fd2323c4a971a849607b6a23) Importer(815301076,1909f56bfc062723c751e8b465ee728b)  -> (artifact id: '13c671d13f8c5c7970403ef3c0b00af4') in 0.007471 seconds 
  Import took 0.012879 seconds .

========================================================================
Received Import Request.
  Time since last request: 22.729064 seconds.
  path: Assets/PublicUI_Prefabs/Background/Scripts
  artifactKey: Guid(c190091c20c90434c91f4b207794666d) Importer(815301076,1909f56bfc062723c751e8b465ee728b)
Start importing Assets/PublicUI_Prefabs/Background/Scripts using Guid(c190091c20c90434c91f4b207794666d) Importer(815301076,1909f56bfc062723c751e8b465ee728b)  -> (artifact id: '275dbb62f9e0a02c0afb20bed5b97a84') in 0.006845 seconds 
  Import took 0.011646 seconds .

========================================================================
Received Import Request.
  Time since last request: 14.576524 seconds.
  path: Assets/PublicUI_Prefabs/Background/Scripts/BackgroundSystems.cs
  artifactKey: Guid(fbc18bfba2060db46935d82c6be956fc) Importer(815301076,1909f56bfc062723c751e8b465ee728b)
Start importing Assets/PublicUI_Prefabs/Background/Scripts/BackgroundSystems.cs using Guid(fbc18bfba2060db46935d82c6be956fc) Importer(815301076,1909f56bfc062723c751e8b465ee728b)  -> (artifact id: '55201cb618fe5722f7dd96a98dba39a8') in 0.019496 seconds 
  Import took 0.024432 seconds .

========================================================================
Received Prepare
Registering precompiled user dll's ...
Registered in 0.004417 seconds.
Begin MonoManager ReloadAssembly
Native extension for WindowsStandalone target not found
Refreshing native plugins compatible for Editor in 0.44 ms, found 3 plugins.
Preloading 0 native plugins for Editor in 0.00 ms.
Mono: successfully reloaded assembly
- Completed reload, in  0.967 seconds
Domain Reload Profiling:
	ReloadAssembly (968ms)
		BeginReloadAssembly (113ms)
			ExecutionOrderSort (0ms)
			DisableScriptedObjects (6ms)
			BackupInstance (0ms)
			ReleaseScriptingObjects (0ms)
			CreateAndSetChildDomain (37ms)
		EndReloadAssembly (794ms)
			LoadAssemblies (93ms)
			RebuildTransferFunctionScriptingTraits (0ms)
			SetupTypeCache (288ms)
			ReleaseScriptCaches (1ms)
			RebuildScriptCaches (40ms)
			SetupLoadedEditorAssemblies (278ms)
				LogAssemblyErrors (0ms)
				InitializePlatformSupportModulesInManaged (4ms)
				SetLoadedEditorAssemblies (0ms)
				RefreshPlugins (0ms)
				BeforeProcessingInitializeOnLoad (88ms)
				ProcessInitializeOnLoadAttributes (168ms)
				ProcessInitializeOnLoadMethodAttributes (11ms)
				AfterProcessingInitializeOnLoad (6ms)
				EditorAssembliesLoaded (0ms)
			ExecutionOrderSort2 (0ms)
			AwakeInstancesAfterBackupRestoration (8ms)
Platform modules already initialized, skipping
Refreshing native plugins compatible for Editor in 0.44 ms, found 3 plugins.
Preloading 0 native plugins for Editor in 0.00 ms.
Unloading 2154 Unused Serialized files (Serialized files now loaded: 0)
System memory in use before: 97.5 MB.
System memory in use after: 97.6 MB.

Unloading 16 unused Assets to reduce memory usage. Loaded Objects now: 2615.
Total: 2.734800 ms (FindLiveObjects: 0.163700 ms CreateObjectMapping: 0.065800 ms MarkObjects: 2.491800 ms  DeleteObjects: 0.012700 ms)

AssetImportParameters requested are different than current active one (requested -> active):
  requireTextureImportCompression: false -> true
  custom:framework-win-MediaFoundation: 216162199b28c13a410421893ffa2e32 -> 
  custom:video-decoder-ogg-theora: a1e56fd34408186e4bbccfd4996cb3dc -> 
  custom:container-muxer-webm: aa71ff27fc2769a1b78a27578f13a17b -> 
  custom:container-demuxer-webm: 4f35f7cbe854078d1ac9338744f61a02 -> 
  custom:container-demuxer-ogg: 62fdf1f143b41e24485cea50d1cbac27 -> 
  custom:video-encoder-webm-vp8: eb34c28f22e8b96e1ab97ce403110664 -> 
  custom:video-codec-MediaFoundation-h265: 746d11721c4dcdbdad8f713fa42b33f4 -> 
  custom:video-decoder-webm-vp8: 9c59270c3fd7afecdb556c50c9e8de78 -> 
  custom:audio-decoder-ogg-vorbis: bf7c407c2cedff20999df2af8eb42d56 -> 
  custom:audio-encoder-webm-vorbis: bf7c407c2cedff20999df2af8eb42d56 -> 
========================================================================
Received Prepare
Registering precompiled user dll's ...
Registered in 0.004499 seconds.
Begin MonoManager ReloadAssembly
Native extension for WindowsStandalone target not found
Refreshing native plugins compatible for Editor in 0.43 ms, found 3 plugins.
Preloading 0 native plugins for Editor in 0.00 ms.
Mono: successfully reloaded assembly
- Completed reload, in  1.020 seconds
Domain Reload Profiling:
	ReloadAssembly (1020ms)
		BeginReloadAssembly (117ms)
			ExecutionOrderSort (0ms)
			DisableScriptedObjects (6ms)
			BackupInstance (0ms)
			ReleaseScriptingObjects (0ms)
			CreateAndSetChildDomain (37ms)
		EndReloadAssembly (839ms)
			LoadAssemblies (105ms)
			RebuildTransferFunctionScriptingTraits (0ms)
			SetupTypeCache (305ms)
			ReleaseScriptCaches (1ms)
			RebuildScriptCaches (45ms)
			SetupLoadedEditorAssemblies (285ms)
				LogAssemblyErrors (0ms)
				InitializePlatformSupportModulesInManaged (4ms)
				SetLoadedEditorAssemblies (0ms)
				RefreshPlugins (0ms)
				BeforeProcessingInitializeOnLoad (86ms)
				ProcessInitializeOnLoadAttributes (176ms)
				ProcessInitializeOnLoadMethodAttributes (12ms)
				AfterProcessingInitializeOnLoad (6ms)
				EditorAssembliesLoaded (0ms)
			ExecutionOrderSort2 (0ms)
			AwakeInstancesAfterBackupRestoration (10ms)
Platform modules already initialized, skipping
Refreshing native plugins compatible for Editor in 0.47 ms, found 3 plugins.
Preloading 0 native plugins for Editor in 0.00 ms.
Unloading 2154 Unused Serialized files (Serialized files now loaded: 0)
System memory in use before: 97.5 MB.
System memory in use after: 97.6 MB.

Unloading 16 unused Assets to reduce memory usage. Loaded Objects now: 2617.
Total: 3.047500 ms (FindLiveObjects: 0.170400 ms CreateObjectMapping: 0.070300 ms MarkObjects: 2.791300 ms  DeleteObjects: 0.014500 ms)

AssetImportParameters requested are different than current active one (requested -> active):
  requireTextureImportCompression: false -> true
  custom:framework-win-MediaFoundation: 216162199b28c13a410421893ffa2e32 -> 
  custom:video-decoder-ogg-theora: a1e56fd34408186e4bbccfd4996cb3dc -> 
  custom:container-muxer-webm: aa71ff27fc2769a1b78a27578f13a17b -> 
  custom:container-demuxer-webm: 4f35f7cbe854078d1ac9338744f61a02 -> 
  custom:container-demuxer-ogg: 62fdf1f143b41e24485cea50d1cbac27 -> 
  custom:video-encoder-webm-vp8: eb34c28f22e8b96e1ab97ce403110664 -> 
  custom:video-codec-MediaFoundation-h265: 746d11721c4dcdbdad8f713fa42b33f4 -> 
  custom:video-decoder-webm-vp8: 9c59270c3fd7afecdb556c50c9e8de78 -> 
  custom:audio-decoder-ogg-vorbis: bf7c407c2cedff20999df2af8eb42d56 -> 
  custom:audio-encoder-webm-vorbis: bf7c407c2cedff20999df2af8eb42d56 -> 
========================================================================
Received Import Request.
  Time since last request: 313.740865 seconds.
  path: Assets/PublicUI_Prefabs/Background/Scripts/BackgroundSystems.cs
  artifactKey: Guid(fbc18bfba2060db46935d82c6be956fc) Importer(815301076,1909f56bfc062723c751e8b465ee728b)
Start importing Assets/PublicUI_Prefabs/Background/Scripts/BackgroundSystems.cs using Guid(fbc18bfba2060db46935d82c6be956fc) Importer(815301076,1909f56bfc062723c751e8b465ee728b)  -> (artifact id: 'e354455d6a0c8d2a1a340d4ad5e67bae') in 0.004513 seconds 
  Import took 0.008164 seconds .

========================================================================
Received Import Request.
  Time since last request: 229.764866 seconds.
  path: Assets/110_Neurasthenia/Images/Test/Background1.jpg
  artifactKey: Guid(230a4058019002c45b9c560f2b07a067) Importer(815301076,1909f56bfc062723c751e8b465ee728b)
Start importing Assets/110_Neurasthenia/Images/Test/Background1.jpg using Guid(230a4058019002c45b9c560f2b07a067) Importer(815301076,1909f56bfc062723c751e8b465ee728b)  -> (artifact id: '6c74c4961416188f96c94ed1812e9bd2') in 0.088510 seconds 
  Import took 0.095296 seconds .

========================================================================
Received Import Request.
  Time since last request: 12.044847 seconds.
  path: Assets/110_Neurasthenia/Images/Test/hd-wallpaper-1758197.jpg
  artifactKey: Guid(1c0e8d71f7146b140a8819939344671e) Importer(815301076,1909f56bfc062723c751e8b465ee728b)
Start importing Assets/110_Neurasthenia/Images/Test/hd-wallpaper-1758197.jpg using Guid(1c0e8d71f7146b140a8819939344671e) Importer(815301076,1909f56bfc062723c751e8b465ee728b)  -> (artifact id: '148265ce8765b997921bb2a139037f00') in 0.049664 seconds 
  Import took 0.053271 seconds .

========================================================================
Received Import Request.
  Time since last request: 0.000306 seconds.
  path: Assets/110_Neurasthenia/Images/Test/hd-wallpaper-1867616.jpg
  artifactKey: Guid(bf7e91145027d9a48befc1b088818e1c) Importer(815301076,1909f56bfc062723c751e8b465ee728b)
Start importing Assets/110_Neurasthenia/Images/Test/hd-wallpaper-1867616.jpg using Guid(bf7e91145027d9a48befc1b088818e1c) Importer(815301076,1909f56bfc062723c751e8b465ee728b)  -> (artifact id: '6bdebedc569674f8b1fb0db5166683f9') in 0.040889 seconds 
  Import took 0.046111 seconds .

========================================================================
Received Import Request.
  Time since last request: 0.000290 seconds.
  path: Assets/110_Neurasthenia/Images/Test/nature-3082832.jpg
  artifactKey: Guid(1463b85fb20db0c47ad05ddf6d57ec92) Importer(815301076,1909f56bfc062723c751e8b465ee728b)
Start importing Assets/110_Neurasthenia/Images/Test/nature-3082832.jpg using Guid(1463b85fb20db0c47ad05ddf6d57ec92) Importer(815301076,1909f56bfc062723c751e8b465ee728b)  -> (artifact id: '950156443c66d621336a6564cd73e269') in 0.042991 seconds 
  Import took 0.047445 seconds .

========================================================================
Received Import Request.
  Time since last request: 0.000564 seconds.
  path: Assets/110_Neurasthenia/Images/Test/mountains-736886.jpg
  artifactKey: Guid(723d58ac5cd6ea847bd64a8c114cde36) Importer(815301076,1909f56bfc062723c751e8b465ee728b)
Start importing Assets/110_Neurasthenia/Images/Test/mountains-736886.jpg using Guid(723d58ac5cd6ea847bd64a8c114cde36) Importer(815301076,1909f56bfc062723c751e8b465ee728b)  -> (artifact id: '9b800428684f8082552de9bb16409a9a') in 0.054447 seconds 
  Import took 0.058424 seconds .

========================================================================
Received Import Request.
  Time since last request: 18.096962 seconds.
  path: Assets/110_Neurasthenia/Images/Test/Background2.jpg
  artifactKey: Guid(1c0e8d71f7146b140a8819939344671e) Importer(815301076,1909f56bfc062723c751e8b465ee728b)
Start importing Assets/110_Neurasthenia/Images/Test/Background2.jpg using Guid(1c0e8d71f7146b140a8819939344671e) Importer(815301076,1909f56bfc062723c751e8b465ee728b)  -> (artifact id: '707c3adefd01cafda693b04439f175ef') in 0.042591 seconds 
  Import took 0.046808 seconds .

========================================================================
Received Import Request.
  Time since last request: 35.744014 seconds.
  path: Assets/110_Neurasthenia/Images/Test/Background3.jpg
  artifactKey: Guid(bf7e91145027d9a48befc1b088818e1c) Importer(815301076,1909f56bfc062723c751e8b465ee728b)
Start importing Assets/110_Neurasthenia/Images/Test/Background3.jpg using Guid(bf7e91145027d9a48befc1b088818e1c) Importer(815301076,1909f56bfc062723c751e8b465ee728b)  -> (artifact id: '9e1e85f0424fa6806388c984be658822') in 0.049966 seconds 
  Import took 0.054810 seconds .

========================================================================
Received Import Request.
  Time since last request: 7.678805 seconds.
  path: Assets/110_Neurasthenia/Images/Test/Background4.jpg
  artifactKey: Guid(723d58ac5cd6ea847bd64a8c114cde36) Importer(815301076,1909f56bfc062723c751e8b465ee728b)
Start importing Assets/110_Neurasthenia/Images/Test/Background4.jpg using Guid(723d58ac5cd6ea847bd64a8c114cde36) Importer(815301076,1909f56bfc062723c751e8b465ee728b)  -> (artifact id: '239878ef834c8b9b61a5f227efa81fa5') in 0.046864 seconds 
  Import took 0.050182 seconds .

========================================================================
Received Import Request.
  Time since last request: 7.873695 seconds.
  path: Assets/110_Neurasthenia/Images/Test/Background5.jpg
  artifactKey: Guid(1463b85fb20db0c47ad05ddf6d57ec92) Importer(815301076,1909f56bfc062723c751e8b465ee728b)
Start importing Assets/110_Neurasthenia/Images/Test/Background5.jpg using Guid(1463b85fb20db0c47ad05ddf6d57ec92) Importer(815301076,1909f56bfc062723c751e8b465ee728b)  -> (artifact id: '6665bf78eab05cd185b719acad51c838') in 0.045579 seconds 
  Import took 0.049078 seconds .

========================================================================
Received Import Request.
  Time since last request: 15.399373 seconds.
  path: Assets/PublicUI_Prefabs/Background/Scripts/Background.prefab
  artifactKey: Guid(3471fe12523daac4187f263659346b7c) Importer(815301076,1909f56bfc062723c751e8b465ee728b)
Start importing Assets/PublicUI_Prefabs/Background/Scripts/Background.prefab using Guid(3471fe12523daac4187f263659346b7c) Importer(815301076,1909f56bfc062723c751e8b465ee728b)  -> (artifact id: '8618fc2db051b5665effa5d69c58138d') in 0.015459 seconds 
  Import took 0.019556 seconds .

========================================================================
Received Import Request.
  Time since last request: 1729.240903 seconds.
  path: Assets/PublicUI_Prefabs/Pause/Audios
  artifactKey: Guid(4f9edc07fffbe8a4a8c0c81dbf29f407) Importer(815301076,1909f56bfc062723c751e8b465ee728b)
Start importing Assets/PublicUI_Prefabs/Pause/Audios using Guid(4f9edc07fffbe8a4a8c0c81dbf29f407) Importer(815301076,1909f56bfc062723c751e8b465ee728b)  -> (artifact id: 'f6f6066f830f83318fbff6ee96c2751f') in 0.007723 seconds 
  Import took 0.012509 seconds .

========================================================================
Received Import Request.
  Time since last request: 8.397682 seconds.
  path: Assets/PublicUI_Prefabs/Pause/Audios/button.mp3
  artifactKey: Guid(435994726752ad64cbb8ed2b56322ef7) Importer(815301076,1909f56bfc062723c751e8b465ee728b)
Start importing Assets/PublicUI_Prefabs/Pause/Audios/button.mp3 using Guid(435994726752ad64cbb8ed2b56322ef7) Importer(815301076,1909f56bfc062723c751e8b465ee728b)  -> (artifact id: '1cd282cc853b02c96165dae512066f02') in 0.038408 seconds 
  Import took 0.042416 seconds .

========================================================================
Received Import Request.
  Time since last request: 60.390015 seconds.
  path: Assets/PublicUI_Prefabs/Pause/PauseUI.prefab
  artifactKey: Guid(65e283e9074a95d409da6974f4e167fe) Importer(815301076,1909f56bfc062723c751e8b465ee728b)
Start importing Assets/PublicUI_Prefabs/Pause/PauseUI.prefab using Guid(65e283e9074a95d409da6974f4e167fe) Importer(815301076,1909f56bfc062723c751e8b465ee728b)  -> (artifact id: '76c50ba3817598f34d37c1fb84ab4f0d') in 0.022031 seconds 
  Import took 0.026128 seconds .

========================================================================
Received Import Request.
  Time since last request: 20.300439 seconds.
  path: Assets/PublicUI_Prefabs/Pause/PauseUI.prefab
  artifactKey: Guid(65e283e9074a95d409da6974f4e167fe) Importer(815301076,1909f56bfc062723c751e8b465ee728b)
Start importing Assets/PublicUI_Prefabs/Pause/PauseUI.prefab using Guid(65e283e9074a95d409da6974f4e167fe) Importer(815301076,1909f56bfc062723c751e8b465ee728b)  -> (artifact id: 'e067a75e4066a1f79f68dbe9b5441c57') in 0.007532 seconds 
  Import took 0.012868 seconds .

========================================================================
Received Prepare
Registering precompiled user dll's ...
Registered in 0.005150 seconds.
Begin MonoManager ReloadAssembly
Native extension for WindowsStandalone target not found
Refreshing native plugins compatible for Editor in 0.45 ms, found 3 plugins.
Preloading 0 native plugins for Editor in 0.00 ms.
Mono: successfully reloaded assembly
- Completed reload, in  1.016 seconds
Domain Reload Profiling:
	ReloadAssembly (1017ms)
		BeginReloadAssembly (118ms)
			ExecutionOrderSort (0ms)
			DisableScriptedObjects (9ms)
			BackupInstance (0ms)
			ReleaseScriptingObjects (0ms)
			CreateAndSetChildDomain (36ms)
		EndReloadAssembly (836ms)
			LoadAssemblies (101ms)
			RebuildTransferFunctionScriptingTraits (0ms)
			SetupTypeCache (305ms)
			ReleaseScriptCaches (1ms)
			RebuildScriptCaches (42ms)
			SetupLoadedEditorAssemblies (290ms)
				LogAssemblyErrors (0ms)
				InitializePlatformSupportModulesInManaged (4ms)
				SetLoadedEditorAssemblies (0ms)
				RefreshPlugins (1ms)
				BeforeProcessingInitializeOnLoad (93ms)
				ProcessInitializeOnLoadAttributes (176ms)
				ProcessInitializeOnLoadMethodAttributes (11ms)
				AfterProcessingInitializeOnLoad (6ms)
				EditorAssembliesLoaded (0ms)
			ExecutionOrderSort2 (0ms)
			AwakeInstancesAfterBackupRestoration (8ms)
Platform modules already initialized, skipping
Refreshing native plugins compatible for Editor in 0.45 ms, found 3 plugins.
Preloading 0 native plugins for Editor in 0.00 ms.
Unloading 2154 Unused Serialized files (Serialized files now loaded: 0)
System memory in use before: 97.7 MB.
System memory in use after: 97.8 MB.

Unloading 17 unused Assets to reduce memory usage. Loaded Objects now: 2635.
Total: 2.939100 ms (FindLiveObjects: 0.207700 ms CreateObjectMapping: 0.070100 ms MarkObjects: 2.641900 ms  DeleteObjects: 0.018600 ms)

AssetImportParameters requested are different than current active one (requested -> active):
  requireTextureImportCompression: false -> true
  custom:framework-win-MediaFoundation: 216162199b28c13a410421893ffa2e32 -> 
  custom:video-decoder-ogg-theora: a1e56fd34408186e4bbccfd4996cb3dc -> 
  custom:container-muxer-webm: aa71ff27fc2769a1b78a27578f13a17b -> 
  custom:container-demuxer-webm: 4f35f7cbe854078d1ac9338744f61a02 -> 
  custom:container-demuxer-ogg: 62fdf1f143b41e24485cea50d1cbac27 -> 
  custom:video-encoder-webm-vp8: eb34c28f22e8b96e1ab97ce403110664 -> 
  custom:video-codec-MediaFoundation-h265: 746d11721c4dcdbdad8f713fa42b33f4 -> 
  custom:video-decoder-webm-vp8: 9c59270c3fd7afecdb556c50c9e8de78 -> 
  custom:audio-decoder-ogg-vorbis: bf7c407c2cedff20999df2af8eb42d56 -> 
  custom:audio-encoder-webm-vorbis: bf7c407c2cedff20999df2af8eb42d56 -> 
========================================================================
Received Import Request.
  Time since last request: 286.641097 seconds.
  path: Assets/PublicUI_Prefabs/Pause/Scripts/PauseSystems.cs
  artifactKey: Guid(56ac47e997040fd4daaeb2de3a71a27e) Importer(815301076,1909f56bfc062723c751e8b465ee728b)
Start importing Assets/PublicUI_Prefabs/Pause/Scripts/PauseSystems.cs using Guid(56ac47e997040fd4daaeb2de3a71a27e) Importer(815301076,1909f56bfc062723c751e8b465ee728b)  -> (artifact id: '62c4360b1e98f93125c7e78f93117768') in 0.007241 seconds 
  Import took 0.010374 seconds .

========================================================================
Received Prepare
Registering precompiled user dll's ...
Registered in 0.004767 seconds.
Begin MonoManager ReloadAssembly
Native extension for WindowsStandalone target not found
Refreshing native plugins compatible for Editor in 0.43 ms, found 3 plugins.
Preloading 0 native plugins for Editor in 0.00 ms.
Mono: successfully reloaded assembly
- Completed reload, in  0.994 seconds
Domain Reload Profiling:
	ReloadAssembly (994ms)
		BeginReloadAssembly (107ms)
			ExecutionOrderSort (0ms)
			DisableScriptedObjects (6ms)
			BackupInstance (0ms)
			ReleaseScriptingObjects (0ms)
			CreateAndSetChildDomain (34ms)
		EndReloadAssembly (824ms)
			LoadAssemblies (99ms)
			RebuildTransferFunctionScriptingTraits (0ms)
			SetupTypeCache (308ms)
			ReleaseScriptCaches (1ms)
			RebuildScriptCaches (43ms)
			SetupLoadedEditorAssemblies (275ms)
				LogAssemblyErrors (0ms)
				InitializePlatformSupportModulesInManaged (4ms)
				SetLoadedEditorAssemblies (0ms)
				RefreshPlugins (0ms)
				BeforeProcessingInitializeOnLoad (85ms)
				ProcessInitializeOnLoadAttributes (169ms)
				ProcessInitializeOnLoadMethodAttributes (11ms)
				AfterProcessingInitializeOnLoad (6ms)
				EditorAssembliesLoaded (0ms)
			ExecutionOrderSort2 (0ms)
			AwakeInstancesAfterBackupRestoration (8ms)
Platform modules already initialized, skipping
Refreshing native plugins compatible for Editor in 0.46 ms, found 3 plugins.
Preloading 0 native plugins for Editor in 0.00 ms.
Unloading 2154 Unused Serialized files (Serialized files now loaded: 0)
System memory in use before: 97.7 MB.
System memory in use after: 97.8 MB.

Unloading 16 unused Assets to reduce memory usage. Loaded Objects now: 2637.
Total: 2.778300 ms (FindLiveObjects: 0.151000 ms CreateObjectMapping: 0.070200 ms MarkObjects: 2.543100 ms  DeleteObjects: 0.013000 ms)

AssetImportParameters requested are different than current active one (requested -> active):
  requireTextureImportCompression: false -> true
  custom:framework-win-MediaFoundation: 216162199b28c13a410421893ffa2e32 -> 
  custom:video-decoder-ogg-theora: a1e56fd34408186e4bbccfd4996cb3dc -> 
  custom:container-muxer-webm: aa71ff27fc2769a1b78a27578f13a17b -> 
  custom:container-demuxer-webm: 4f35f7cbe854078d1ac9338744f61a02 -> 
  custom:container-demuxer-ogg: 62fdf1f143b41e24485cea50d1cbac27 -> 
  custom:video-encoder-webm-vp8: eb34c28f22e8b96e1ab97ce403110664 -> 
  custom:video-codec-MediaFoundation-h265: 746d11721c4dcdbdad8f713fa42b33f4 -> 
  custom:video-decoder-webm-vp8: 9c59270c3fd7afecdb556c50c9e8de78 -> 
  custom:audio-decoder-ogg-vorbis: bf7c407c2cedff20999df2af8eb42d56 -> 
  custom:audio-encoder-webm-vorbis: bf7c407c2cedff20999df2af8eb42d56 -> 
========================================================================
Received Prepare
Registering precompiled user dll's ...
Registered in 0.005605 seconds.
Begin MonoManager ReloadAssembly
Native extension for WindowsStandalone target not found
Refreshing native plugins compatible for Editor in 0.44 ms, found 3 plugins.
Preloading 0 native plugins for Editor in 0.00 ms.
Mono: successfully reloaded assembly
- Completed reload, in  0.992 seconds
Domain Reload Profiling:
	ReloadAssembly (993ms)
		BeginReloadAssembly (120ms)
			ExecutionOrderSort (0ms)
			DisableScriptedObjects (6ms)
			BackupInstance (0ms)
			ReleaseScriptingObjects (0ms)
			CreateAndSetChildDomain (33ms)
		EndReloadAssembly (805ms)
			LoadAssemblies (100ms)
			RebuildTransferFunctionScriptingTraits (0ms)
			SetupTypeCache (294ms)
			ReleaseScriptCaches (1ms)
			RebuildScriptCaches (41ms)
			SetupLoadedEditorAssemblies (279ms)
				LogAssemblyErrors (0ms)
				InitializePlatformSupportModulesInManaged (4ms)
				SetLoadedEditorAssemblies (0ms)
				RefreshPlugins (1ms)
				BeforeProcessingInitializeOnLoad (86ms)
				ProcessInitializeOnLoadAttributes (172ms)
				ProcessInitializeOnLoadMethodAttributes (10ms)
				AfterProcessingInitializeOnLoad (6ms)
				EditorAssembliesLoaded (0ms)
			ExecutionOrderSort2 (0ms)
			AwakeInstancesAfterBackupRestoration (8ms)
Platform modules already initialized, skipping
Refreshing native plugins compatible for Editor in 0.44 ms, found 3 plugins.
Preloading 0 native plugins for Editor in 0.00 ms.
Unloading 2154 Unused Serialized files (Serialized files now loaded: 0)
System memory in use before: 97.7 MB.
System memory in use after: 97.8 MB.

Unloading 16 unused Assets to reduce memory usage. Loaded Objects now: 2639.
Total: 2.829800 ms (FindLiveObjects: 0.200600 ms CreateObjectMapping: 0.072000 ms MarkObjects: 2.542300 ms  DeleteObjects: 0.014100 ms)

AssetImportParameters requested are different than current active one (requested -> active):
  requireTextureImportCompression: false -> true
  custom:framework-win-MediaFoundation: 216162199b28c13a410421893ffa2e32 -> 
  custom:video-decoder-ogg-theora: a1e56fd34408186e4bbccfd4996cb3dc -> 
  custom:container-muxer-webm: aa71ff27fc2769a1b78a27578f13a17b -> 
  custom:container-demuxer-webm: 4f35f7cbe854078d1ac9338744f61a02 -> 
  custom:container-demuxer-ogg: 62fdf1f143b41e24485cea50d1cbac27 -> 
  custom:video-encoder-webm-vp8: eb34c28f22e8b96e1ab97ce403110664 -> 
  custom:video-codec-MediaFoundation-h265: 746d11721c4dcdbdad8f713fa42b33f4 -> 
  custom:video-decoder-webm-vp8: 9c59270c3fd7afecdb556c50c9e8de78 -> 
  custom:audio-decoder-ogg-vorbis: bf7c407c2cedff20999df2af8eb42d56 -> 
  custom:audio-encoder-webm-vorbis: bf7c407c2cedff20999df2af8eb42d56 -> 
========================================================================
Received Prepare
Registering precompiled user dll's ...
Registered in 0.004640 seconds.
Begin MonoManager ReloadAssembly
Native extension for WindowsStandalone target not found
Refreshing native plugins compatible for Editor in 0.53 ms, found 3 plugins.
Preloading 0 native plugins for Editor in 0.00 ms.
Mono: successfully reloaded assembly
- Completed reload, in  0.997 seconds
Domain Reload Profiling:
	ReloadAssembly (997ms)
		BeginReloadAssembly (129ms)
			ExecutionOrderSort (0ms)
			DisableScriptedObjects (6ms)
			BackupInstance (0ms)
			ReleaseScriptingObjects (0ms)
			CreateAndSetChildDomain (39ms)
		EndReloadAssembly (801ms)
			LoadAssemblies (90ms)
			RebuildTransferFunctionScriptingTraits (0ms)
			SetupTypeCache (295ms)
			ReleaseScriptCaches (1ms)
			RebuildScriptCaches (42ms)
			SetupLoadedEditorAssemblies (279ms)
				LogAssemblyErrors (0ms)
				InitializePlatformSupportModulesInManaged (4ms)
				SetLoadedEditorAssemblies (0ms)
				RefreshPlugins (1ms)
				BeforeProcessingInitializeOnLoad (90ms)
				ProcessInitializeOnLoadAttributes (168ms)
				ProcessInitializeOnLoadMethodAttributes (10ms)
				AfterProcessingInitializeOnLoad (6ms)
				EditorAssembliesLoaded (0ms)
			ExecutionOrderSort2 (0ms)
			AwakeInstancesAfterBackupRestoration (8ms)
Platform modules already initialized, skipping
Refreshing native plugins compatible for Editor in 0.44 ms, found 3 plugins.
Preloading 0 native plugins for Editor in 0.00 ms.
Unloading 2154 Unused Serialized files (Serialized files now loaded: 0)
System memory in use before: 97.7 MB.
System memory in use after: 97.9 MB.

Unloading 16 unused Assets to reduce memory usage. Loaded Objects now: 2641.
Total: 2.975600 ms (FindLiveObjects: 0.167400 ms CreateObjectMapping: 0.064900 ms MarkObjects: 2.729100 ms  DeleteObjects: 0.013400 ms)

AssetImportParameters requested are different than current active one (requested -> active):
  requireTextureImportCompression: false -> true
  custom:framework-win-MediaFoundation: 216162199b28c13a410421893ffa2e32 -> 
  custom:video-decoder-ogg-theora: a1e56fd34408186e4bbccfd4996cb3dc -> 
  custom:container-muxer-webm: aa71ff27fc2769a1b78a27578f13a17b -> 
  custom:container-demuxer-webm: 4f35f7cbe854078d1ac9338744f61a02 -> 
  custom:container-demuxer-ogg: 62fdf1f143b41e24485cea50d1cbac27 -> 
  custom:video-encoder-webm-vp8: eb34c28f22e8b96e1ab97ce403110664 -> 
  custom:video-codec-MediaFoundation-h265: 746d11721c4dcdbdad8f713fa42b33f4 -> 
  custom:video-decoder-webm-vp8: 9c59270c3fd7afecdb556c50c9e8de78 -> 
  custom:audio-decoder-ogg-vorbis: bf7c407c2cedff20999df2af8eb42d56 -> 
  custom:audio-encoder-webm-vorbis: bf7c407c2cedff20999df2af8eb42d56 -> 
========================================================================
Received Prepare
Registering precompiled user dll's ...
Registered in 0.005247 seconds.
Begin MonoManager ReloadAssembly
Native extension for WindowsStandalone target not found
Refreshing native plugins compatible for Editor in 0.47 ms, found 3 plugins.
Preloading 0 native plugins for Editor in 0.00 ms.
Mono: successfully reloaded assembly
- Completed reload, in  0.991 seconds
Domain Reload Profiling:
	ReloadAssembly (991ms)
		BeginReloadAssembly (124ms)
			ExecutionOrderSort (0ms)
			DisableScriptedObjects (8ms)
			BackupInstance (0ms)
			ReleaseScriptingObjects (0ms)
			CreateAndSetChildDomain (35ms)
		EndReloadAssembly (803ms)
			LoadAssemblies (92ms)
			RebuildTransferFunctionScriptingTraits (0ms)
			SetupTypeCache (283ms)
			ReleaseScriptCaches (1ms)
			RebuildScriptCaches (42ms)
			SetupLoadedEditorAssemblies (290ms)
				LogAssemblyErrors (0ms)
				InitializePlatformSupportModulesInManaged (4ms)
				SetLoadedEditorAssemblies (0ms)
				RefreshPlugins (1ms)
				BeforeProcessingInitializeOnLoad (89ms)
				ProcessInitializeOnLoadAttributes (179ms)
				ProcessInitializeOnLoadMethodAttributes (11ms)
				AfterProcessingInitializeOnLoad (6ms)
				EditorAssembliesLoaded (0ms)
			ExecutionOrderSort2 (0ms)
			AwakeInstancesAfterBackupRestoration (9ms)
Platform modules already initialized, skipping
Refreshing native plugins compatible for Editor in 0.47 ms, found 3 plugins.
Preloading 0 native plugins for Editor in 0.00 ms.
Unloading 2154 Unused Serialized files (Serialized files now loaded: 0)
System memory in use before: 97.7 MB.
System memory in use after: 97.9 MB.

Unloading 16 unused Assets to reduce memory usage. Loaded Objects now: 2643.
Total: 3.156600 ms (FindLiveObjects: 0.170900 ms CreateObjectMapping: 0.078500 ms MarkObjects: 2.892100 ms  DeleteObjects: 0.013900 ms)

AssetImportParameters requested are different than current active one (requested -> active):
  requireTextureImportCompression: false -> true
  custom:framework-win-MediaFoundation: 216162199b28c13a410421893ffa2e32 -> 
  custom:video-decoder-ogg-theora: a1e56fd34408186e4bbccfd4996cb3dc -> 
  custom:container-muxer-webm: aa71ff27fc2769a1b78a27578f13a17b -> 
  custom:container-demuxer-webm: 4f35f7cbe854078d1ac9338744f61a02 -> 
  custom:container-demuxer-ogg: 62fdf1f143b41e24485cea50d1cbac27 -> 
  custom:video-encoder-webm-vp8: eb34c28f22e8b96e1ab97ce403110664 -> 
  custom:video-codec-MediaFoundation-h265: 746d11721c4dcdbdad8f713fa42b33f4 -> 
  custom:video-decoder-webm-vp8: 9c59270c3fd7afecdb556c50c9e8de78 -> 
  custom:audio-decoder-ogg-vorbis: bf7c407c2cedff20999df2af8eb42d56 -> 
  custom:audio-encoder-webm-vorbis: bf7c407c2cedff20999df2af8eb42d56 -> 
========================================================================
Received Prepare
Registering precompiled user dll's ...
Registered in 0.006620 seconds.
Begin MonoManager ReloadAssembly
Native extension for WindowsStandalone target not found
Refreshing native plugins compatible for Editor in 0.54 ms, found 3 plugins.
Preloading 0 native plugins for Editor in 0.00 ms.
Mono: successfully reloaded assembly
- Completed reload, in  0.947 seconds
Domain Reload Profiling:
	ReloadAssembly (948ms)
		BeginReloadAssembly (121ms)
			ExecutionOrderSort (0ms)
			DisableScriptedObjects (6ms)
			BackupInstance (0ms)
			ReleaseScriptingObjects (0ms)
			CreateAndSetChildDomain (33ms)
		EndReloadAssembly (766ms)
			LoadAssemblies (88ms)
			RebuildTransferFunctionScriptingTraits (0ms)
			SetupTypeCache (268ms)
			ReleaseScriptCaches (1ms)
			RebuildScriptCaches (39ms)
			SetupLoadedEditorAssemblies (281ms)
				LogAssemblyErrors (0ms)
				InitializePlatformSupportModulesInManaged (4ms)
				SetLoadedEditorAssemblies (0ms)
				RefreshPlugins (1ms)
				BeforeProcessingInitializeOnLoad (87ms)
				ProcessInitializeOnLoadAttributes (172ms)
				ProcessInitializeOnLoadMethodAttributes (10ms)
				AfterProcessingInitializeOnLoad (6ms)
				EditorAssembliesLoaded (0ms)
			ExecutionOrderSort2 (0ms)
			AwakeInstancesAfterBackupRestoration (8ms)
Platform modules already initialized, skipping
Refreshing native plugins compatible for Editor in 0.45 ms, found 3 plugins.
Preloading 0 native plugins for Editor in 0.00 ms.
Unloading 2154 Unused Serialized files (Serialized files now loaded: 0)
System memory in use before: 97.7 MB.
System memory in use after: 97.9 MB.

Unloading 16 unused Assets to reduce memory usage. Loaded Objects now: 2645.
Total: 2.808600 ms (FindLiveObjects: 0.167500 ms CreateObjectMapping: 0.067600 ms MarkObjects: 2.558700 ms  DeleteObjects: 0.013900 ms)

AssetImportParameters requested are different than current active one (requested -> active):
  requireTextureImportCompression: false -> true
  custom:framework-win-MediaFoundation: 216162199b28c13a410421893ffa2e32 -> 
  custom:video-decoder-ogg-theora: a1e56fd34408186e4bbccfd4996cb3dc -> 
  custom:container-muxer-webm: aa71ff27fc2769a1b78a27578f13a17b -> 
  custom:container-demuxer-webm: 4f35f7cbe854078d1ac9338744f61a02 -> 
  custom:container-demuxer-ogg: 62fdf1f143b41e24485cea50d1cbac27 -> 
  custom:video-encoder-webm-vp8: eb34c28f22e8b96e1ab97ce403110664 -> 
  custom:video-codec-MediaFoundation-h265: 746d11721c4dcdbdad8f713fa42b33f4 -> 
  custom:video-decoder-webm-vp8: 9c59270c3fd7afecdb556c50c9e8de78 -> 
  custom:audio-decoder-ogg-vorbis: bf7c407c2cedff20999df2af8eb42d56 -> 
  custom:audio-encoder-webm-vorbis: bf7c407c2cedff20999df2af8eb42d56 -> 
========================================================================
Received Prepare
Registering precompiled user dll's ...
Registered in 0.004420 seconds.
Begin MonoManager ReloadAssembly
Native extension for WindowsStandalone target not found
Refreshing native plugins compatible for Editor in 0.43 ms, found 3 plugins.
Preloading 0 native plugins for Editor in 0.00 ms.
Mono: successfully reloaded assembly
- Completed reload, in  0.944 seconds
Domain Reload Profiling:
	ReloadAssembly (944ms)
		BeginReloadAssembly (104ms)
			ExecutionOrderSort (0ms)
			DisableScriptedObjects (6ms)
			BackupInstance (0ms)
			ReleaseScriptingObjects (0ms)
			CreateAndSetChildDomain (32ms)
		EndReloadAssembly (777ms)
			LoadAssemblies (88ms)
			RebuildTransferFunctionScriptingTraits (0ms)
			SetupTypeCache (267ms)
			ReleaseScriptCaches (1ms)
			RebuildScriptCaches (39ms)
			SetupLoadedEditorAssemblies (289ms)
				LogAssemblyErrors (0ms)
				InitializePlatformSupportModulesInManaged (4ms)
				SetLoadedEditorAssemblies (0ms)
				RefreshPlugins (0ms)
				BeforeProcessingInitializeOnLoad (88ms)
				ProcessInitializeOnLoadAttributes (180ms)
				ProcessInitializeOnLoadMethodAttributes (11ms)
				AfterProcessingInitializeOnLoad (6ms)
				EditorAssembliesLoaded (0ms)
			ExecutionOrderSort2 (0ms)
			AwakeInstancesAfterBackupRestoration (9ms)
Platform modules already initialized, skipping
Refreshing native plugins compatible for Editor in 0.45 ms, found 3 plugins.
Preloading 0 native plugins for Editor in 0.00 ms.
Unloading 2154 Unused Serialized files (Serialized files now loaded: 0)
System memory in use before: 97.8 MB.
System memory in use after: 97.9 MB.

Unloading 16 unused Assets to reduce memory usage. Loaded Objects now: 2647.
Total: 3.233200 ms (FindLiveObjects: 0.174500 ms CreateObjectMapping: 0.067000 ms MarkObjects: 2.977100 ms  DeleteObjects: 0.013700 ms)

AssetImportParameters requested are different than current active one (requested -> active):
  requireTextureImportCompression: false -> true
  custom:framework-win-MediaFoundation: 216162199b28c13a410421893ffa2e32 -> 
  custom:video-decoder-ogg-theora: a1e56fd34408186e4bbccfd4996cb3dc -> 
  custom:container-muxer-webm: aa71ff27fc2769a1b78a27578f13a17b -> 
  custom:container-demuxer-webm: 4f35f7cbe854078d1ac9338744f61a02 -> 
  custom:container-demuxer-ogg: 62fdf1f143b41e24485cea50d1cbac27 -> 
  custom:video-encoder-webm-vp8: eb34c28f22e8b96e1ab97ce403110664 -> 
  custom:video-codec-MediaFoundation-h265: 746d11721c4dcdbdad8f713fa42b33f4 -> 
  custom:video-decoder-webm-vp8: 9c59270c3fd7afecdb556c50c9e8de78 -> 
  custom:audio-decoder-ogg-vorbis: bf7c407c2cedff20999df2af8eb42d56 -> 
  custom:audio-encoder-webm-vorbis: bf7c407c2cedff20999df2af8eb42d56 -> 
========================================================================
Received Import Request.
  Time since last request: 220.687784 seconds.
  path: Assets/PublicUI_Prefabs/Pause/PauseUI.prefab
  artifactKey: Guid(65e283e9074a95d409da6974f4e167fe) Importer(815301076,1909f56bfc062723c751e8b465ee728b)
Start importing Assets/PublicUI_Prefabs/Pause/PauseUI.prefab using Guid(65e283e9074a95d409da6974f4e167fe) Importer(815301076,1909f56bfc062723c751e8b465ee728b)  -> (artifact id: 'f476c8158c6af1bd22bb6b59a6eade8d') in 0.041803 seconds 
  Import took 0.045293 seconds .

========================================================================
Received Import Request.
  Time since last request: 20.394702 seconds.
  path: Assets/PublicUI_Prefabs/GameOver
  artifactKey: Guid(ab2a22b1047e4014083b9e72d91efec5) Importer(815301076,1909f56bfc062723c751e8b465ee728b)
Start importing Assets/PublicUI_Prefabs/GameOver using Guid(ab2a22b1047e4014083b9e72d91efec5) Importer(815301076,1909f56bfc062723c751e8b465ee728b)  -> (artifact id: '240397a576241f12c773406d8f673952') in 0.007741 seconds 
  Import took 0.012128 seconds .

========================================================================
Received Import Request.
  Time since last request: 6.060942 seconds.
  path: Assets/PublicUI_Prefabs/GameOver/Audios
  artifactKey: Guid(0be5db638fd87fd499515852298d3b67) Importer(815301076,1909f56bfc062723c751e8b465ee728b)
Start importing Assets/PublicUI_Prefabs/GameOver/Audios using Guid(0be5db638fd87fd499515852298d3b67) Importer(815301076,1909f56bfc062723c751e8b465ee728b)  -> (artifact id: '021e91f4466f466e170a7a242c3d1c98') in 0.002765 seconds 
  Import took 0.007313 seconds .

========================================================================
Received Import Request.
  Time since last request: 19.472542 seconds.
  path: Assets/PublicUI_Prefabs/GameOver/Audios/finish.mp3
  artifactKey: Guid(b10d7e85a64efa643aa5b6d0b8d79317) Importer(815301076,1909f56bfc062723c751e8b465ee728b)
Start importing Assets/PublicUI_Prefabs/GameOver/Audios/finish.mp3 using Guid(b10d7e85a64efa643aa5b6d0b8d79317) Importer(815301076,1909f56bfc062723c751e8b465ee728b)  -> (artifact id: 'd339a0d687b4997ab32148f302297c5e') in 0.040509 seconds 
  Import took 0.045019 seconds .

========================================================================
Received Import Request.
  Time since last request: 14.322869 seconds.
  path: Assets/PublicUI_Prefabs/GameOver/GameOverUI.prefab
  artifactKey: Guid(aa6b85cbced159e448b089f037cf9a2c) Importer(815301076,1909f56bfc062723c751e8b465ee728b)
Start importing Assets/PublicUI_Prefabs/GameOver/GameOverUI.prefab using Guid(aa6b85cbced159e448b089f037cf9a2c) Importer(815301076,1909f56bfc062723c751e8b465ee728b)  -> (artifact id: '327dc1d280e83e239310624bf75da964') in 0.011322 seconds 
  Import took 0.014849 seconds .

========================================================================
Received Import Request.
  Time since last request: 7.232040 seconds.
  path: Assets/PublicUI_Prefabs/GameOver/GameOverUI.prefab
  artifactKey: Guid(aa6b85cbced159e448b089f037cf9a2c) Importer(815301076,1909f56bfc062723c751e8b465ee728b)
Start importing Assets/PublicUI_Prefabs/GameOver/GameOverUI.prefab using Guid(aa6b85cbced159e448b089f037cf9a2c) Importer(815301076,1909f56bfc062723c751e8b465ee728b)  -> (artifact id: '052ce5e34d0dfac00bcf551d8a92f92b') in 0.007374 seconds 
  Import took 0.012327 seconds .

========================================================================
Received Import Request.
  Time since last request: 7.253420 seconds.
  path: Assets/PublicUI_Prefabs/GameOver/Scripts
  artifactKey: Guid(f4ff46b292e213842842621c189bd5b5) Importer(815301076,1909f56bfc062723c751e8b465ee728b)
Start importing Assets/PublicUI_Prefabs/GameOver/Scripts using Guid(f4ff46b292e213842842621c189bd5b5) Importer(815301076,1909f56bfc062723c751e8b465ee728b)  -> (artifact id: '3c7ae2fa89d136d5d568fc852efd7fcc') in 0.006403 seconds 
  Import took 0.011086 seconds .

========================================================================
Received Import Request.
  Time since last request: 0.946021 seconds.
  path: Assets/PublicUI_Prefabs/GameOver/Scripts/GameOverSystems.cs
  artifactKey: Guid(fcf3df6679b28ee4db6d5aa5c739b732) Importer(815301076,1909f56bfc062723c751e8b465ee728b)
Start importing Assets/PublicUI_Prefabs/GameOver/Scripts/GameOverSystems.cs using Guid(fcf3df6679b28ee4db6d5aa5c739b732) Importer(815301076,1909f56bfc062723c751e8b465ee728b)  -> (artifact id: '9e8128fed968866387b66462173de92c') in 0.005925 seconds 
  Import took 0.009355 seconds .

========================================================================
Received Prepare
Registering precompiled user dll's ...
Registered in 0.004597 seconds.
Begin MonoManager ReloadAssembly
Native extension for WindowsStandalone target not found
Refreshing native plugins compatible for Editor in 0.46 ms, found 3 plugins.
Preloading 0 native plugins for Editor in 0.00 ms.
Mono: successfully reloaded assembly
- Completed reload, in  1.000 seconds
Domain Reload Profiling:
	ReloadAssembly (1000ms)
		BeginReloadAssembly (120ms)
			ExecutionOrderSort (0ms)
			DisableScriptedObjects (6ms)
			BackupInstance (0ms)
			ReleaseScriptingObjects (0ms)
			CreateAndSetChildDomain (36ms)
		EndReloadAssembly (819ms)
			LoadAssemblies (100ms)
			RebuildTransferFunctionScriptingTraits (0ms)
			SetupTypeCache (292ms)
			ReleaseScriptCaches (1ms)
			RebuildScriptCaches (40ms)
			SetupLoadedEditorAssemblies (291ms)
				LogAssemblyErrors (0ms)
				InitializePlatformSupportModulesInManaged (4ms)
				SetLoadedEditorAssemblies (0ms)
				RefreshPlugins (1ms)
				BeforeProcessingInitializeOnLoad (93ms)
				ProcessInitializeOnLoadAttributes (176ms)
				ProcessInitializeOnLoadMethodAttributes (11ms)
				AfterProcessingInitializeOnLoad (6ms)
				EditorAssembliesLoaded (0ms)
			ExecutionOrderSort2 (0ms)
			AwakeInstancesAfterBackupRestoration (9ms)
Platform modules already initialized, skipping
Refreshing native plugins compatible for Editor in 0.44 ms, found 3 plugins.
Preloading 0 native plugins for Editor in 0.00 ms.
Unloading 2154 Unused Serialized files (Serialized files now loaded: 0)
System memory in use before: 97.8 MB.
System memory in use after: 97.9 MB.

Unloading 17 unused Assets to reduce memory usage. Loaded Objects now: 2650.
Total: 2.796000 ms (FindLiveObjects: 0.167300 ms CreateObjectMapping: 0.065300 ms MarkObjects: 2.542400 ms  DeleteObjects: 0.020200 ms)

AssetImportParameters requested are different than current active one (requested -> active):
  requireTextureImportCompression: false -> true
  custom:framework-win-MediaFoundation: 216162199b28c13a410421893ffa2e32 -> 
  custom:video-decoder-ogg-theora: a1e56fd34408186e4bbccfd4996cb3dc -> 
  custom:container-muxer-webm: aa71ff27fc2769a1b78a27578f13a17b -> 
  custom:container-demuxer-webm: 4f35f7cbe854078d1ac9338744f61a02 -> 
  custom:container-demuxer-ogg: 62fdf1f143b41e24485cea50d1cbac27 -> 
  custom:video-encoder-webm-vp8: eb34c28f22e8b96e1ab97ce403110664 -> 
  custom:video-codec-MediaFoundation-h265: 746d11721c4dcdbdad8f713fa42b33f4 -> 
  custom:video-decoder-webm-vp8: 9c59270c3fd7afecdb556c50c9e8de78 -> 
  custom:audio-decoder-ogg-vorbis: bf7c407c2cedff20999df2af8eb42d56 -> 
  custom:audio-encoder-webm-vorbis: bf7c407c2cedff20999df2af8eb42d56 -> 
========================================================================
Received Import Request.
  Time since last request: 327.204657 seconds.
  path: Assets/PublicUI_Prefabs/GameOver/Scripts/GameOverSystems.cs
  artifactKey: Guid(fcf3df6679b28ee4db6d5aa5c739b732) Importer(815301076,1909f56bfc062723c751e8b465ee728b)
Start importing Assets/PublicUI_Prefabs/GameOver/Scripts/GameOverSystems.cs using Guid(fcf3df6679b28ee4db6d5aa5c739b732) Importer(815301076,1909f56bfc062723c751e8b465ee728b)  -> (artifact id: 'b3f92e003eeafe40f6652f1555158d69') in 0.004394 seconds 
  Import took 0.007423 seconds .

========================================================================
Received Prepare
Registering precompiled user dll's ...
Registered in 0.004644 seconds.
Begin MonoManager ReloadAssembly
Native extension for WindowsStandalone target not found
Refreshing native plugins compatible for Editor in 0.45 ms, found 3 plugins.
Preloading 0 native plugins for Editor in 0.00 ms.
Mono: successfully reloaded assembly
- Completed reload, in  0.960 seconds
Domain Reload Profiling:
	ReloadAssembly (960ms)
		BeginReloadAssembly (121ms)
			ExecutionOrderSort (0ms)
			DisableScriptedObjects (6ms)
			BackupInstance (0ms)
			ReleaseScriptingObjects (0ms)
			CreateAndSetChildDomain (36ms)
		EndReloadAssembly (777ms)
			LoadAssemblies (86ms)
			RebuildTransferFunctionScriptingTraits (0ms)
			SetupTypeCache (282ms)
			ReleaseScriptCaches (1ms)
			RebuildScriptCaches (39ms)
			SetupLoadedEditorAssemblies (277ms)
				LogAssemblyErrors (0ms)
				InitializePlatformSupportModulesInManaged (4ms)
				SetLoadedEditorAssemblies (0ms)
				RefreshPlugins (1ms)
				BeforeProcessingInitializeOnLoad (86ms)
				ProcessInitializeOnLoadAttributes (170ms)
				ProcessInitializeOnLoadMethodAttributes (10ms)
				AfterProcessingInitializeOnLoad (6ms)
				EditorAssembliesLoaded (0ms)
			ExecutionOrderSort2 (0ms)
			AwakeInstancesAfterBackupRestoration (8ms)
Platform modules already initialized, skipping
Refreshing native plugins compatible for Editor in 0.44 ms, found 3 plugins.
Preloading 0 native plugins for Editor in 0.00 ms.
Unloading 2154 Unused Serialized files (Serialized files now loaded: 0)
System memory in use before: 97.8 MB.
System memory in use after: 97.9 MB.

Unloading 16 unused Assets to reduce memory usage. Loaded Objects now: 2652.
Total: 2.806500 ms (FindLiveObjects: 0.178200 ms CreateObjectMapping: 0.064600 ms MarkObjects: 2.548800 ms  DeleteObjects: 0.014000 ms)

AssetImportParameters requested are different than current active one (requested -> active):
  requireTextureImportCompression: false -> true
  custom:framework-win-MediaFoundation: 216162199b28c13a410421893ffa2e32 -> 
  custom:video-decoder-ogg-theora: a1e56fd34408186e4bbccfd4996cb3dc -> 
  custom:container-muxer-webm: aa71ff27fc2769a1b78a27578f13a17b -> 
  custom:container-demuxer-webm: 4f35f7cbe854078d1ac9338744f61a02 -> 
  custom:container-demuxer-ogg: 62fdf1f143b41e24485cea50d1cbac27 -> 
  custom:video-encoder-webm-vp8: eb34c28f22e8b96e1ab97ce403110664 -> 
  custom:video-codec-MediaFoundation-h265: 746d11721c4dcdbdad8f713fa42b33f4 -> 
  custom:video-decoder-webm-vp8: 9c59270c3fd7afecdb556c50c9e8de78 -> 
  custom:audio-decoder-ogg-vorbis: bf7c407c2cedff20999df2af8eb42d56 -> 
  custom:audio-encoder-webm-vorbis: bf7c407c2cedff20999df2af8eb42d56 -> 
========================================================================
Received Prepare
Registering precompiled user dll's ...
Registered in 0.005009 seconds.
Begin MonoManager ReloadAssembly
Native extension for WindowsStandalone target not found
Refreshing native plugins compatible for Editor in 0.47 ms, found 3 plugins.
Preloading 0 native plugins for Editor in 0.00 ms.
Mono: successfully reloaded assembly
- Completed reload, in  1.090 seconds
Domain Reload Profiling:
	ReloadAssembly (1091ms)
		BeginReloadAssembly (136ms)
			ExecutionOrderSort (0ms)
			DisableScriptedObjects (6ms)
			BackupInstance (0ms)
			ReleaseScriptingObjects (0ms)
			CreateAndSetChildDomain (43ms)
		EndReloadAssembly (877ms)
			LoadAssemblies (118ms)
			RebuildTransferFunctionScriptingTraits (0ms)
			SetupTypeCache (314ms)
			ReleaseScriptCaches (1ms)
			RebuildScriptCaches (43ms)
			SetupLoadedEditorAssemblies (295ms)
				LogAssemblyErrors (0ms)
				InitializePlatformSupportModulesInManaged (4ms)
				SetLoadedEditorAssemblies (0ms)
				RefreshPlugins (1ms)
				BeforeProcessingInitializeOnLoad (92ms)
				ProcessInitializeOnLoadAttributes (180ms)
				ProcessInitializeOnLoadMethodAttributes (11ms)
				AfterProcessingInitializeOnLoad (6ms)
				EditorAssembliesLoaded (0ms)
			ExecutionOrderSort2 (0ms)
			AwakeInstancesAfterBackupRestoration (9ms)
Platform modules already initialized, skipping
Refreshing native plugins compatible for Editor in 0.54 ms, found 3 plugins.
Preloading 0 native plugins for Editor in 0.00 ms.
Unloading 2154 Unused Serialized files (Serialized files now loaded: 0)
System memory in use before: 97.8 MB.
System memory in use after: 97.9 MB.

Unloading 16 unused Assets to reduce memory usage. Loaded Objects now: 2654.
Total: 3.268800 ms (FindLiveObjects: 0.221300 ms CreateObjectMapping: 0.071800 ms MarkObjects: 2.954600 ms  DeleteObjects: 0.019900 ms)

AssetImportParameters requested are different than current active one (requested -> active):
  requireTextureImportCompression: false -> true
  custom:framework-win-MediaFoundation: 216162199b28c13a410421893ffa2e32 -> 
  custom:video-decoder-ogg-theora: a1e56fd34408186e4bbccfd4996cb3dc -> 
  custom:container-muxer-webm: aa71ff27fc2769a1b78a27578f13a17b -> 
  custom:container-demuxer-webm: 4f35f7cbe854078d1ac9338744f61a02 -> 
  custom:container-demuxer-ogg: 62fdf1f143b41e24485cea50d1cbac27 -> 
  custom:video-encoder-webm-vp8: eb34c28f22e8b96e1ab97ce403110664 -> 
  custom:video-codec-MediaFoundation-h265: 746d11721c4dcdbdad8f713fa42b33f4 -> 
  custom:video-decoder-webm-vp8: 9c59270c3fd7afecdb556c50c9e8de78 -> 
  custom:audio-decoder-ogg-vorbis: bf7c407c2cedff20999df2af8eb42d56 -> 
  custom:audio-encoder-webm-vorbis: bf7c407c2cedff20999df2af8eb42d56 -> 
========================================================================
Received Prepare
Registering precompiled user dll's ...
Registered in 0.004707 seconds.
Begin MonoManager ReloadAssembly
Native extension for WindowsStandalone target not found
Refreshing native plugins compatible for Editor in 0.49 ms, found 3 plugins.
Preloading 0 native plugins for Editor in 0.00 ms.
Mono: successfully reloaded assembly
- Completed reload, in  1.012 seconds
Domain Reload Profiling:
	ReloadAssembly (1012ms)
		BeginReloadAssembly (112ms)
			ExecutionOrderSort (0ms)
			DisableScriptedObjects (6ms)
			BackupInstance (0ms)
			ReleaseScriptingObjects (0ms)
			CreateAndSetChildDomain (35ms)
		EndReloadAssembly (835ms)
			LoadAssemblies (97ms)
			RebuildTransferFunctionScriptingTraits (0ms)
			SetupTypeCache (311ms)
			ReleaseScriptCaches (1ms)
			RebuildScriptCaches (41ms)
			SetupLoadedEditorAssemblies (284ms)
				LogAssemblyErrors (0ms)
				InitializePlatformSupportModulesInManaged (4ms)
				SetLoadedEditorAssemblies (0ms)
				RefreshPlugins (1ms)
				BeforeProcessingInitializeOnLoad (86ms)
				ProcessInitializeOnLoadAttributes (177ms)
				ProcessInitializeOnLoadMethodAttributes (10ms)
				AfterProcessingInitializeOnLoad (6ms)
				EditorAssembliesLoaded (0ms)
			ExecutionOrderSort2 (0ms)
			AwakeInstancesAfterBackupRestoration (8ms)
Platform modules already initialized, skipping
Refreshing native plugins compatible for Editor in 0.58 ms, found 3 plugins.
Preloading 0 native plugins for Editor in 0.00 ms.
Unloading 2154 Unused Serialized files (Serialized files now loaded: 0)
System memory in use before: 97.8 MB.
System memory in use after: 97.9 MB.

Unloading 16 unused Assets to reduce memory usage. Loaded Objects now: 2656.
Total: 2.591800 ms (FindLiveObjects: 0.144600 ms CreateObjectMapping: 0.068500 ms MarkObjects: 2.365200 ms  DeleteObjects: 0.012900 ms)

AssetImportParameters requested are different than current active one (requested -> active):
  requireTextureImportCompression: false -> true
  custom:framework-win-MediaFoundation: 216162199b28c13a410421893ffa2e32 -> 
  custom:video-decoder-ogg-theora: a1e56fd34408186e4bbccfd4996cb3dc -> 
  custom:container-muxer-webm: aa71ff27fc2769a1b78a27578f13a17b -> 
  custom:container-demuxer-webm: 4f35f7cbe854078d1ac9338744f61a02 -> 
  custom:container-demuxer-ogg: 62fdf1f143b41e24485cea50d1cbac27 -> 
  custom:video-encoder-webm-vp8: eb34c28f22e8b96e1ab97ce403110664 -> 
  custom:video-codec-MediaFoundation-h265: 746d11721c4dcdbdad8f713fa42b33f4 -> 
  custom:video-decoder-webm-vp8: 9c59270c3fd7afecdb556c50c9e8de78 -> 
  custom:audio-decoder-ogg-vorbis: bf7c407c2cedff20999df2af8eb42d56 -> 
  custom:audio-encoder-webm-vorbis: bf7c407c2cedff20999df2af8eb42d56 -> 
========================================================================
Received Prepare
Registering precompiled user dll's ...
Registered in 0.005363 seconds.
Begin MonoManager ReloadAssembly
Native extension for WindowsStandalone target not found
Refreshing native plugins compatible for Editor in 0.43 ms, found 3 plugins.
Preloading 0 native plugins for Editor in 0.00 ms.
Mono: successfully reloaded assembly
- Completed reload, in  0.994 seconds
Domain Reload Profiling:
	ReloadAssembly (994ms)
		BeginReloadAssembly (113ms)
			ExecutionOrderSort (0ms)
			DisableScriptedObjects (6ms)
			BackupInstance (0ms)
			ReleaseScriptingObjects (0ms)
			CreateAndSetChildDomain (35ms)
		EndReloadAssembly (819ms)
			LoadAssemblies (104ms)
			RebuildTransferFunctionScriptingTraits (0ms)
			SetupTypeCache (297ms)
			ReleaseScriptCaches (1ms)
			RebuildScriptCaches (45ms)
			SetupLoadedEditorAssemblies (272ms)
				LogAssemblyErrors (0ms)
				InitializePlatformSupportModulesInManaged (4ms)
				SetLoadedEditorAssemblies (0ms)
				RefreshPlugins (0ms)
				BeforeProcessingInitializeOnLoad (86ms)
				ProcessInitializeOnLoadAttributes (165ms)
				ProcessInitializeOnLoadMethodAttributes (10ms)
				AfterProcessingInitializeOnLoad (6ms)
				EditorAssembliesLoaded (0ms)
			ExecutionOrderSort2 (0ms)
			AwakeInstancesAfterBackupRestoration (8ms)
Platform modules already initialized, skipping
Refreshing native plugins compatible for Editor in 0.44 ms, found 3 plugins.
Preloading 0 native plugins for Editor in 0.00 ms.
Unloading 2154 Unused Serialized files (Serialized files now loaded: 0)
System memory in use before: 97.8 MB.
System memory in use after: 97.9 MB.

Unloading 16 unused Assets to reduce memory usage. Loaded Objects now: 2658.
Total: 2.868300 ms (FindLiveObjects: 0.173800 ms CreateObjectMapping: 0.082300 ms MarkObjects: 2.568000 ms  DeleteObjects: 0.043600 ms)

AssetImportParameters requested are different than current active one (requested -> active):
  requireTextureImportCompression: false -> true
  custom:framework-win-MediaFoundation: 216162199b28c13a410421893ffa2e32 -> 
  custom:video-decoder-ogg-theora: a1e56fd34408186e4bbccfd4996cb3dc -> 
  custom:container-muxer-webm: aa71ff27fc2769a1b78a27578f13a17b -> 
  custom:container-demuxer-webm: 4f35f7cbe854078d1ac9338744f61a02 -> 
  custom:container-demuxer-ogg: 62fdf1f143b41e24485cea50d1cbac27 -> 
  custom:video-encoder-webm-vp8: eb34c28f22e8b96e1ab97ce403110664 -> 
  custom:video-codec-MediaFoundation-h265: 746d11721c4dcdbdad8f713fa42b33f4 -> 
  custom:video-decoder-webm-vp8: 9c59270c3fd7afecdb556c50c9e8de78 -> 
  custom:audio-decoder-ogg-vorbis: bf7c407c2cedff20999df2af8eb42d56 -> 
  custom:audio-encoder-webm-vorbis: bf7c407c2cedff20999df2af8eb42d56 -> 
========================================================================
Received Prepare
Registering precompiled user dll's ...
Registered in 0.004539 seconds.
Begin MonoManager ReloadAssembly
Native extension for WindowsStandalone target not found
Refreshing native plugins compatible for Editor in 0.44 ms, found 3 plugins.
Preloading 0 native plugins for Editor in 0.00 ms.
Mono: successfully reloaded assembly
- Completed reload, in  1.023 seconds
Domain Reload Profiling:
	ReloadAssembly (1023ms)
		BeginReloadAssembly (117ms)
			ExecutionOrderSort (0ms)
			DisableScriptedObjects (9ms)
			BackupInstance (0ms)
			ReleaseScriptingObjects (0ms)
			CreateAndSetChildDomain (34ms)
		EndReloadAssembly (827ms)
			LoadAssemblies (105ms)
			RebuildTransferFunctionScriptingTraits (0ms)
			SetupTypeCache (286ms)
			ReleaseScriptCaches (1ms)
			RebuildScriptCaches (41ms)
			SetupLoadedEditorAssemblies (296ms)
				LogAssemblyErrors (0ms)
				InitializePlatformSupportModulesInManaged (4ms)
				SetLoadedEditorAssemblies (0ms)
				RefreshPlugins (0ms)
				BeforeProcessingInitializeOnLoad (88ms)
				ProcessInitializeOnLoadAttributes (186ms)
				ProcessInitializeOnLoadMethodAttributes (11ms)
				AfterProcessingInitializeOnLoad (6ms)
				EditorAssembliesLoaded (0ms)
			ExecutionOrderSort2 (0ms)
			AwakeInstancesAfterBackupRestoration (9ms)
Platform modules already initialized, skipping
Refreshing native plugins compatible for Editor in 0.44 ms, found 3 plugins.
Preloading 0 native plugins for Editor in 0.00 ms.
Unloading 2154 Unused Serialized files (Serialized files now loaded: 0)
System memory in use before: 97.8 MB.
System memory in use after: 97.9 MB.

Unloading 16 unused Assets to reduce memory usage. Loaded Objects now: 2660.
Total: 2.815200 ms (FindLiveObjects: 0.170100 ms CreateObjectMapping: 0.065500 ms MarkObjects: 2.560600 ms  DeleteObjects: 0.018200 ms)

AssetImportParameters requested are different than current active one (requested -> active):
  requireTextureImportCompression: false -> true
  custom:framework-win-MediaFoundation: 216162199b28c13a410421893ffa2e32 -> 
  custom:video-decoder-ogg-theora: a1e56fd34408186e4bbccfd4996cb3dc -> 
  custom:container-muxer-webm: aa71ff27fc2769a1b78a27578f13a17b -> 
  custom:container-demuxer-webm: 4f35f7cbe854078d1ac9338744f61a02 -> 
  custom:container-demuxer-ogg: 62fdf1f143b41e24485cea50d1cbac27 -> 
  custom:video-encoder-webm-vp8: eb34c28f22e8b96e1ab97ce403110664 -> 
  custom:video-codec-MediaFoundation-h265: 746d11721c4dcdbdad8f713fa42b33f4 -> 
  custom:video-decoder-webm-vp8: 9c59270c3fd7afecdb556c50c9e8de78 -> 
  custom:audio-decoder-ogg-vorbis: bf7c407c2cedff20999df2af8eb42d56 -> 
  custom:audio-encoder-webm-vorbis: bf7c407c2cedff20999df2af8eb42d56 -> 
========================================================================
Received Prepare
Registering precompiled user dll's ...
Registered in 0.005266 seconds.
Begin MonoManager ReloadAssembly
Native extension for WindowsStandalone target not found
Refreshing native plugins compatible for Editor in 0.44 ms, found 3 plugins.
Preloading 0 native plugins for Editor in 0.00 ms.
Mono: successfully reloaded assembly
- Completed reload, in  0.984 seconds
Domain Reload Profiling:
	ReloadAssembly (984ms)
		BeginReloadAssembly (121ms)
			ExecutionOrderSort (0ms)
			DisableScriptedObjects (6ms)
			BackupInstance (0ms)
			ReleaseScriptingObjects (0ms)
			CreateAndSetChildDomain (35ms)
		EndReloadAssembly (792ms)
			LoadAssemblies (105ms)
			RebuildTransferFunctionScriptingTraits (0ms)
			SetupTypeCache (279ms)
			ReleaseScriptCaches (1ms)
			RebuildScriptCaches (40ms)
			SetupLoadedEditorAssemblies (280ms)
				LogAssemblyErrors (0ms)
				InitializePlatformSupportModulesInManaged (4ms)
				SetLoadedEditorAssemblies (1ms)
				RefreshPlugins (1ms)
				BeforeProcessingInitializeOnLoad (87ms)
				ProcessInitializeOnLoadAttributes (172ms)
				ProcessInitializeOnLoadMethodAttributes (10ms)
				AfterProcessingInitializeOnLoad (6ms)
				EditorAssembliesLoaded (0ms)
			ExecutionOrderSort2 (0ms)
			AwakeInstancesAfterBackupRestoration (8ms)
Platform modules already initialized, skipping
Refreshing native plugins compatible for Editor in 0.44 ms, found 3 plugins.
Preloading 0 native plugins for Editor in 0.00 ms.
Unloading 2154 Unused Serialized files (Serialized files now loaded: 0)
System memory in use before: 97.8 MB.
System memory in use after: 97.9 MB.

Unloading 16 unused Assets to reduce memory usage. Loaded Objects now: 2662.
Total: 2.803900 ms (FindLiveObjects: 0.174900 ms CreateObjectMapping: 0.069900 ms MarkObjects: 2.541000 ms  DeleteObjects: 0.017100 ms)

AssetImportParameters requested are different than current active one (requested -> active):
  requireTextureImportCompression: false -> true
  custom:framework-win-MediaFoundation: 216162199b28c13a410421893ffa2e32 -> 
  custom:video-decoder-ogg-theora: a1e56fd34408186e4bbccfd4996cb3dc -> 
  custom:container-muxer-webm: aa71ff27fc2769a1b78a27578f13a17b -> 
  custom:container-demuxer-webm: 4f35f7cbe854078d1ac9338744f61a02 -> 
  custom:container-demuxer-ogg: 62fdf1f143b41e24485cea50d1cbac27 -> 
  custom:video-encoder-webm-vp8: eb34c28f22e8b96e1ab97ce403110664 -> 
  custom:video-codec-MediaFoundation-h265: 746d11721c4dcdbdad8f713fa42b33f4 -> 
  custom:video-decoder-webm-vp8: 9c59270c3fd7afecdb556c50c9e8de78 -> 
  custom:audio-decoder-ogg-vorbis: bf7c407c2cedff20999df2af8eb42d56 -> 
  custom:audio-encoder-webm-vorbis: bf7c407c2cedff20999df2af8eb42d56 -> 
========================================================================
Received Prepare
Registering precompiled user dll's ...
Registered in 0.004938 seconds.
Begin MonoManager ReloadAssembly
Native extension for WindowsStandalone target not found
Refreshing native plugins compatible for Editor in 0.44 ms, found 3 plugins.
Preloading 0 native plugins for Editor in 0.00 ms.
Mono: successfully reloaded assembly
- Completed reload, in  1.006 seconds
Domain Reload Profiling:
	ReloadAssembly (1006ms)
		BeginReloadAssembly (116ms)
			ExecutionOrderSort (0ms)
			DisableScriptedObjects (6ms)
			BackupInstance (0ms)
			ReleaseScriptingObjects (0ms)
			CreateAndSetChildDomain (32ms)
		EndReloadAssembly (813ms)
			LoadAssemblies (103ms)
			RebuildTransferFunctionScriptingTraits (0ms)
			SetupTypeCache (280ms)
			ReleaseScriptCaches (1ms)
			RebuildScriptCaches (39ms)
			SetupLoadedEditorAssemblies (300ms)
				LogAssemblyErrors (0ms)
				InitializePlatformSupportModulesInManaged (4ms)
				SetLoadedEditorAssemblies (0ms)
				RefreshPlugins (0ms)
				BeforeProcessingInitializeOnLoad (96ms)
				ProcessInitializeOnLoadAttributes (182ms)
				ProcessInitializeOnLoadMethodAttributes (11ms)
				AfterProcessingInitializeOnLoad (6ms)
				EditorAssembliesLoaded (0ms)
			ExecutionOrderSort2 (0ms)
			AwakeInstancesAfterBackupRestoration (8ms)
Platform modules already initialized, skipping
Refreshing native plugins compatible for Editor in 0.44 ms, found 3 plugins.
Preloading 0 native plugins for Editor in 0.00 ms.
Unloading 2154 Unused Serialized files (Serialized files now loaded: 0)
System memory in use before: 97.8 MB.
System memory in use after: 97.9 MB.

Unloading 16 unused Assets to reduce memory usage. Loaded Objects now: 2664.
Total: 3.089100 ms (FindLiveObjects: 0.168800 ms CreateObjectMapping: 0.075100 ms MarkObjects: 2.829700 ms  DeleteObjects: 0.014600 ms)

AssetImportParameters requested are different than current active one (requested -> active):
  requireTextureImportCompression: false -> true
  custom:framework-win-MediaFoundation: 216162199b28c13a410421893ffa2e32 -> 
  custom:video-decoder-ogg-theora: a1e56fd34408186e4bbccfd4996cb3dc -> 
  custom:container-muxer-webm: aa71ff27fc2769a1b78a27578f13a17b -> 
  custom:container-demuxer-webm: 4f35f7cbe854078d1ac9338744f61a02 -> 
  custom:container-demuxer-ogg: 62fdf1f143b41e24485cea50d1cbac27 -> 
  custom:video-encoder-webm-vp8: eb34c28f22e8b96e1ab97ce403110664 -> 
  custom:video-codec-MediaFoundation-h265: 746d11721c4dcdbdad8f713fa42b33f4 -> 
  custom:video-decoder-webm-vp8: 9c59270c3fd7afecdb556c50c9e8de78 -> 
  custom:audio-decoder-ogg-vorbis: bf7c407c2cedff20999df2af8eb42d56 -> 
  custom:audio-encoder-webm-vorbis: bf7c407c2cedff20999df2af8eb42d56 -> 
